{"/workspaces/frontend/src/App.js": {"path":"/workspaces/frontend/src/App.js","statementMap":{"0":{"start":{"line":20,"column":0},"end":{"line":20,"column":27}},"1":{"start":{"line":21,"column":0},"end":{"line":21,"column":47}},"2":{"start":{"line":23,"column":2},"end":{"line":43,"column":4}}},"fnMap":{"0":{"name":"App","decl":{"start":{"line":22,"column":9},"end":{"line":22,"column":12}},"loc":{"start":{"line":22,"column":15},"end":{"line":44,"column":1}},"line":22}},"branchMap":{},"s":{"0":0,"1":0,"2":0},"f":{"0":0},"b":{}}
,"/workspaces/frontend/src/index.js": {"path":"/workspaces/frontend/src/index.js","statementMap":{"0":{"start":{"line":30,"column":0},"end":{"line":40,"column":2}}},"fnMap":{},"branchMap":{},"s":{"0":0},"f":{},"b":{}}
,"/workspaces/frontend/src/reportWebVitals.js": {"path":"/workspaces/frontend/src/reportWebVitals.js","statementMap":{"0":{"start":{"line":1,"column":24},"end":{"line":11,"column":1}},"1":{"start":{"line":2,"column":2},"end":{"line":10,"column":3}},"2":{"start":{"line":3,"column":4},"end":{"line":9,"column":7}},"3":{"start":{"line":4,"column":6},"end":{"line":4,"column":26}},"4":{"start":{"line":5,"column":6},"end":{"line":5,"column":26}},"5":{"start":{"line":6,"column":6},"end":{"line":6,"column":26}},"6":{"start":{"line":7,"column":6},"end":{"line":7,"column":26}},"7":{"start":{"line":8,"column":6},"end":{"line":8,"column":27}}},"fnMap":{"0":{"name":"(anonymous_0)","decl":{"start":{"line":1,"column":24},"end":{"line":1,"column":25}},"loc":{"start":{"line":1,"column":39},"end":{"line":11,"column":1}},"line":1},"1":{"name":"(anonymous_1)","decl":{"start":{"line":3,"column":30},"end":{"line":3,"column":31}},"loc":{"start":{"line":3,"column":79},"end":{"line":9,"column":5}},"line":3}},"branchMap":{"0":{"loc":{"start":{"line":2,"column":2},"end":{"line":10,"column":3}},"type":"if","locations":[{"start":{"line":2,"column":2},"end":{"line":10,"column":3}},{"start":{},"end":{}}],"line":2},"1":{"loc":{"start":{"line":2,"column":6},"end":{"line":2,"column":52}},"type":"binary-expr","locations":[{"start":{"line":2,"column":6},"end":{"line":2,"column":17}},{"start":{"line":2,"column":21},"end":{"line":2,"column":52}}],"line":2}},"s":{"0":0,"1":0,"2":0,"3":0,"4":0,"5":0,"6":0,"7":0},"f":{"0":0,"1":0},"b":{"0":[0,0],"1":[0,0]}}
,"/workspaces/frontend/src/components/CartItem.js": {"path":"/workspaces/frontend/src/components/CartItem.js","statementMap":{"0":{"start":{"line":3,"column":17},"end":{"line":43,"column":1}},"1":{"start":{"line":4,"column":49},"end":{"line":4,"column":53}},"2":{"start":{"line":5,"column":34},"end":{"line":5,"column":59}},"3":{"start":{"line":7,"column":23},"end":{"line":11,"column":3}},"4":{"start":{"line":8,"column":24},"end":{"line":8,"column":70}},"5":{"start":{"line":9,"column":4},"end":{"line":9,"column":29}},"6":{"start":{"line":10,"column":4},"end":{"line":10,"column":47}},"7":{"start":{"line":13,"column":2},"end":{"line":42,"column":4}},"8":{"start":{"line":37,"column":31},"end":{"line":37,"column":52}}},"fnMap":{"0":{"name":"(anonymous_0)","decl":{"start":{"line":3,"column":17},"end":{"line":3,"column":18}},"loc":{"start":{"line":3,"column":59},"end":{"line":43,"column":1}},"line":3},"1":{"name":"(anonymous_1)","decl":{"start":{"line":7,"column":23},"end":{"line":7,"column":24}},"loc":{"start":{"line":7,"column":30},"end":{"line":11,"column":3}},"line":7},"2":{"name":"(anonymous_2)","decl":{"start":{"line":37,"column":25},"end":{"line":37,"column":26}},"loc":{"start":{"line":37,"column":31},"end":{"line":37,"column":52}},"line":37}},"branchMap":{"0":{"loc":{"start":{"line":8,"column":36},"end":{"line":8,"column":69}},"type":"binary-expr","locations":[{"start":{"line":8,"column":36},"end":{"line":8,"column":64}},{"start":{"line":8,"column":68},"end":{"line":8,"column":69}}],"line":8},"1":{"loc":{"start":{"line":17,"column":13},"end":{"line":17,"column":48}},"type":"binary-expr","locations":[{"start":{"line":17,"column":13},"end":{"line":17,"column":26}},{"start":{"line":17,"column":30},"end":{"line":17,"column":48}}],"line":17}},"s":{"0":0,"1":0,"2":0,"3":0,"4":0,"5":0,"6":0,"7":0,"8":0},"f":{"0":0,"1":0,"2":0},"b":{"0":[0,0],"1":[0,0]}}
,"/workspaces/frontend/src/components/Checkout.js": {"path":"/workspaces/frontend/src/components/Checkout.js","statementMap":{"0":{"start":{"line":4,"column":17},"end":{"line":24,"column":1}},"1":{"start":{"line":5,"column":4},"end":{"line":21,"column":16}},"2":{"start":{"line":6,"column":8},"end":{"line":20,"column":46}},"3":{"start":{"line":8,"column":31},"end":{"line":8,"column":55}},"4":{"start":{"line":9,"column":16},"end":{"line":9,"column":26}},"5":{"start":{"line":12,"column":31},"end":{"line":12,"column":63}},"6":{"start":{"line":13,"column":16},"end":{"line":13,"column":45}},"7":{"start":{"line":14,"column":16},"end":{"line":14,"column":36}},"8":{"start":{"line":17,"column":16},"end":{"line":17,"column":58}},"9":{"start":{"line":18,"column":16},"end":{"line":18,"column":59}},"10":{"start":{"line":23,"column":4},"end":{"line":23,"column":52}}},"fnMap":{"0":{"name":"(anonymous_0)","decl":{"start":{"line":4,"column":17},"end":{"line":4,"column":18}},"loc":{"start":{"line":4,"column":32},"end":{"line":24,"column":1}},"line":4},"1":{"name":"(anonymous_1)","decl":{"start":{"line":5,"column":14},"end":{"line":5,"column":15}},"loc":{"start":{"line":5,"column":20},"end":{"line":21,"column":5}},"line":5},"2":{"name":"(anonymous_2)","decl":{"start":{"line":7,"column":25},"end":{"line":7,"column":26}},"loc":{"start":{"line":7,"column":37},"end":{"line":10,"column":13}},"line":7},"3":{"name":"(anonymous_3)","decl":{"start":{"line":11,"column":23},"end":{"line":11,"column":24}},"loc":{"start":{"line":11,"column":39},"end":{"line":15,"column":13}},"line":11},"4":{"name":"(anonymous_4)","decl":{"start":{"line":16,"column":21},"end":{"line":16,"column":22}},"loc":{"start":{"line":16,"column":30},"end":{"line":19,"column":13}},"line":16}},"branchMap":{},"s":{"0":0,"1":0,"2":0,"3":0,"4":0,"5":0,"6":0,"7":0,"8":0,"9":0,"10":0},"f":{"0":0,"1":0,"2":0,"3":0,"4":0},"b":{}}
,"/workspaces/frontend/src/components/Footer.js": {"path":"/workspaces/frontend/src/components/Footer.js","statementMap":{"0":{"start":{"line":4,"column":15},"end":{"line":18,"column":1}},"1":{"start":{"line":5,"column":4},"end":{"line":17,"column":6}}},"fnMap":{"0":{"name":"(anonymous_0)","decl":{"start":{"line":4,"column":15},"end":{"line":4,"column":16}},"loc":{"start":{"line":4,"column":21},"end":{"line":18,"column":1}},"line":4}},"branchMap":{},"s":{"0":0,"1":0},"f":{"0":0},"b":{}}
,"/workspaces/frontend/src/components/Navbar.js": {"path":"/workspaces/frontend/src/components/Navbar.js","statementMap":{"0":{"start":{"line":7,"column":15},"end":{"line":146,"column":1}},"1":{"start":{"line":8,"column":36},"end":{"line":8,"column":70}},"2":{"start":{"line":8,"column":59},"end":{"line":8,"column":69}},"3":{"start":{"line":9,"column":19},"end":{"line":9,"column":32}},"4":{"start":{"line":10,"column":19},"end":{"line":10,"column":32}},"5":{"start":{"line":11,"column":34},"end":{"line":11,"column":49}},"6":{"start":{"line":12,"column":2},"end":{"line":12,"column":32}},"7":{"start":{"line":13,"column":2},"end":{"line":18,"column":9}},"8":{"start":{"line":14,"column":18},"end":{"line":14,"column":82}},"9":{"start":{"line":15,"column":4},"end":{"line":17,"column":5}},"10":{"start":{"line":16,"column":6},"end":{"line":16,"column":51}},"11":{"start":{"line":20,"column":23},"end":{"line":25,"column":3}},"12":{"start":{"line":21,"column":4},"end":{"line":21,"column":23}},"13":{"start":{"line":22,"column":4},"end":{"line":22,"column":37}},"14":{"start":{"line":23,"column":4},"end":{"line":23,"column":39}},"15":{"start":{"line":24,"column":4},"end":{"line":24,"column":23}},"16":{"start":{"line":27,"column":21},"end":{"line":27,"column":55}},"17":{"start":{"line":27,"column":27},"end":{"line":27,"column":55}},"18":{"start":{"line":27,"column":49},"end":{"line":27,"column":54}},"19":{"start":{"line":29,"column":2},"end":{"line":145,"column":4}}},"fnMap":{"0":{"name":"(anonymous_0)","decl":{"start":{"line":7,"column":15},"end":{"line":7,"column":16}},"loc":{"start":{"line":7,"column":21},"end":{"line":146,"column":1}},"line":7},"1":{"name":"(anonymous_1)","decl":{"start":{"line":8,"column":48},"end":{"line":8,"column":49}},"loc":{"start":{"line":8,"column":59},"end":{"line":8,"column":69}},"line":8},"2":{"name":"(anonymous_2)","decl":{"start":{"line":13,"column":12},"end":{"line":13,"column":13}},"loc":{"start":{"line":13,"column":18},"end":{"line":18,"column":3}},"line":13},"3":{"name":"(anonymous_3)","decl":{"start":{"line":20,"column":23},"end":{"line":20,"column":24}},"loc":{"start":{"line":20,"column":29},"end":{"line":25,"column":3}},"line":20},"4":{"name":"(anonymous_4)","decl":{"start":{"line":27,"column":21},"end":{"line":27,"column":22}},"loc":{"start":{"line":27,"column":27},"end":{"line":27,"column":55}},"line":27},"5":{"name":"(anonymous_5)","decl":{"start":{"line":27,"column":39},"end":{"line":27,"column":40}},"loc":{"start":{"line":27,"column":49},"end":{"line":27,"column":54}},"line":27}},"branchMap":{"0":{"loc":{"start":{"line":14,"column":18},"end":{"line":14,"column":82}},"type":"binary-expr","locations":[{"start":{"line":14,"column":18},"end":{"line":14,"column":47}},{"start":{"line":14,"column":51},"end":{"line":14,"column":82}}],"line":14},"1":{"loc":{"start":{"line":15,"column":4},"end":{"line":17,"column":5}},"type":"if","locations":[{"start":{"line":15,"column":4},"end":{"line":17,"column":5}},{"start":{},"end":{}}],"line":15},"2":{"loc":{"start":{"line":36,"column":9},"end":{"line":40,"column":9}},"type":"binary-expr","locations":[{"start":{"line":36,"column":9},"end":{"line":36,"column":31}},{"start":{"line":37,"column":10},"end":{"line":39,"column":20}}],"line":36},"3":{"loc":{"start":{"line":42,"column":9},"end":{"line":46,"column":9}},"type":"binary-expr","locations":[{"start":{"line":42,"column":9},"end":{"line":42,"column":32}},{"start":{"line":43,"column":10},"end":{"line":45,"column":20}}],"line":42},"4":{"loc":{"start":{"line":48,"column":9},"end":{"line":60,"column":9}},"type":"binary-expr","locations":[{"start":{"line":48,"column":9},"end":{"line":48,"column":24}},{"start":{"line":49,"column":10},"end":{"line":59,"column":13}}],"line":48},"5":{"loc":{"start":{"line":64,"column":9},"end":{"line":91,"column":9}},"type":"cond-expr","locations":[{"start":{"line":65,"column":10},"end":{"line":81,"column":13}},{"start":{"line":83,"column":10},"end":{"line":90,"column":13}}],"line":64},"6":{"loc":{"start":{"line":67,"column":24},"end":{"line":67,"column":62}},"type":"binary-expr","locations":[{"start":{"line":67,"column":24},"end":{"line":67,"column":38}},{"start":{"line":67,"column":42},"end":{"line":67,"column":52}},{"start":{"line":67,"column":56},"end":{"line":67,"column":62}}],"line":67},"7":{"loc":{"start":{"line":69,"column":13},"end":{"line":77,"column":13}},"type":"binary-expr","locations":[{"start":{"line":69,"column":13},"end":{"line":69,"column":25}},{"start":{"line":70,"column":14},"end":{"line":76,"column":20}}],"line":69},"8":{"loc":{"start":{"line":72,"column":23},"end":{"line":72,"column":70}},"type":"binary-expr","locations":[{"start":{"line":72,"column":23},"end":{"line":72,"column":34}},{"start":{"line":72,"column":38},"end":{"line":72,"column":70}}],"line":72},"9":{"loc":{"start":{"line":98,"column":7},"end":{"line":141,"column":7}},"type":"binary-expr","locations":[{"start":{"line":98,"column":7},"end":{"line":98,"column":15}},{"start":{"line":99,"column":8},"end":{"line":140,"column":14}}],"line":98},"10":{"loc":{"start":{"line":103,"column":11},"end":{"line":107,"column":11}},"type":"binary-expr","locations":[{"start":{"line":103,"column":11},"end":{"line":103,"column":33}},{"start":{"line":104,"column":12},"end":{"line":106,"column":22}}],"line":103},"11":{"loc":{"start":{"line":108,"column":11},"end":{"line":112,"column":11}},"type":"binary-expr","locations":[{"start":{"line":108,"column":11},"end":{"line":108,"column":34}},{"start":{"line":109,"column":12},"end":{"line":111,"column":22}}],"line":108},"12":{"loc":{"start":{"line":113,"column":11},"end":{"line":125,"column":11}},"type":"binary-expr","locations":[{"start":{"line":113,"column":11},"end":{"line":113,"column":26}},{"start":{"line":114,"column":12},"end":{"line":124,"column":15}}],"line":113},"13":{"loc":{"start":{"line":126,"column":11},"end":{"line":139,"column":11}},"type":"cond-expr","locations":[{"start":{"line":127,"column":12},"end":{"line":129,"column":21}},{"start":{"line":131,"column":12},"end":{"line":138,"column":15}}],"line":126}},"s":{"0":0,"1":0,"2":0,"3":0,"4":0,"5":0,"6":0,"7":0,"8":0,"9":0,"10":0,"11":0,"12":0,"13":0,"14":0,"15":0,"16":0,"17":0,"18":0,"19":0},"f":{"0":0,"1":0,"2":0,"3":0,"4":0,"5":0},"b":{"0":[0,0],"1":[0,0],"2":[0,0],"3":[0,0],"4":[0,0],"5":[0,0],"6":[0,0,0],"7":[0,0],"8":[0,0],"9":[0,0],"10":[0,0],"11":[0,0],"12":[0,0],"13":[0,0]}}
,"/workspaces/frontend/src/components/OrderCard.js": {"path":"/workspaces/frontend/src/components/OrderCard.js","statementMap":{"0":{"start":{"line":3,"column":18},"end":{"line":15,"column":1}},"1":{"start":{"line":4,"column":39},"end":{"line":4,"column":44}},"2":{"start":{"line":6,"column":2},"end":{"line":14,"column":4}}},"fnMap":{"0":{"name":"(anonymous_0)","decl":{"start":{"line":3,"column":18},"end":{"line":3,"column":19}},"loc":{"start":{"line":3,"column":33},"end":{"line":15,"column":1}},"line":3}},"branchMap":{},"s":{"0":0,"1":0,"2":0},"f":{"0":0},"b":{}}
,"/workspaces/frontend/src/components/OrderDetailsModal.js": {"path":"/workspaces/frontend/src/components/OrderDetailsModal.js","statementMap":{"0":{"start":{"line":3,"column":26},"end":{"line":26,"column":1}},"1":{"start":{"line":4,"column":2},"end":{"line":4,"column":26}},"2":{"start":{"line":4,"column":14},"end":{"line":4,"column":26}},"3":{"start":{"line":6,"column":2},"end":{"line":25,"column":4}},"4":{"start":{"line":15,"column":12},"end":{"line":17,"column":17}}},"fnMap":{"0":{"name":"(anonymous_0)","decl":{"start":{"line":3,"column":26},"end":{"line":3,"column":27}},"loc":{"start":{"line":3,"column":50},"end":{"line":26,"column":1}},"line":3},"1":{"name":"(anonymous_1)","decl":{"start":{"line":14,"column":27},"end":{"line":14,"column":28}},"loc":{"start":{"line":15,"column":12},"end":{"line":17,"column":17}},"line":15}},"branchMap":{"0":{"loc":{"start":{"line":4,"column":2},"end":{"line":4,"column":26}},"type":"if","locations":[{"start":{"line":4,"column":2},"end":{"line":4,"column":26}},{"start":{},"end":{}}],"line":4}},"s":{"0":0,"1":0,"2":0,"3":0,"4":0},"f":{"0":0,"1":0},"b":{"0":[0,0]}}
,"/workspaces/frontend/src/components/OrderSummary.js": {"path":"/workspaces/frontend/src/components/OrderSummary.js","statementMap":{"0":{"start":{"line":3,"column":21},"end":{"line":15,"column":1}},"1":{"start":{"line":4,"column":2},"end":{"line":14,"column":8}},"2":{"start":{"line":8,"column":8},"end":{"line":10,"column":13}}},"fnMap":{"0":{"name":"(anonymous_0)","decl":{"start":{"line":3,"column":21},"end":{"line":3,"column":22}},"loc":{"start":{"line":4,"column":2},"end":{"line":14,"column":8}},"line":4},"1":{"name":"(anonymous_1)","decl":{"start":{"line":7,"column":17},"end":{"line":7,"column":18}},"loc":{"start":{"line":8,"column":8},"end":{"line":10,"column":13}},"line":8}},"branchMap":{},"s":{"0":0,"1":0,"2":0},"f":{"0":0,"1":0},"b":{}}
,"/workspaces/frontend/src/components/PayPalButton.js": {"path":"/workspaces/frontend/src/components/PayPalButton.js","statementMap":{"0":{"start":{"line":4,"column":21},"end":{"line":46,"column":1}},"1":{"start":{"line":5,"column":25},"end":{"line":8,"column":3}},"2":{"start":{"line":10,"column":2},"end":{"line":45,"column":4}},"3":{"start":{"line":18,"column":12},"end":{"line":26,"column":15}},"4":{"start":{"line":29,"column":12},"end":{"line":36,"column":15}},"5":{"start":{"line":30,"column":37},"end":{"line":34,"column":15}},"6":{"start":{"line":35,"column":14},"end":{"line":35,"column":40}},"7":{"start":{"line":39,"column":12},"end":{"line":39,"column":50}},"8":{"start":{"line":40,"column":12},"end":{"line":40,"column":65}}},"fnMap":{"0":{"name":"(anonymous_0)","decl":{"start":{"line":4,"column":21},"end":{"line":4,"column":22}},"loc":{"start":{"line":4,"column":57},"end":{"line":46,"column":1}},"line":4},"1":{"name":"(anonymous_1)","decl":{"start":{"line":17,"column":23},"end":{"line":17,"column":24}},"loc":{"start":{"line":17,"column":42},"end":{"line":27,"column":11}},"line":17},"2":{"name":"(anonymous_2)","decl":{"start":{"line":28,"column":21},"end":{"line":28,"column":22}},"loc":{"start":{"line":28,"column":40},"end":{"line":37,"column":11}},"line":28},"3":{"name":"(anonymous_3)","decl":{"start":{"line":29,"column":48},"end":{"line":29,"column":49}},"loc":{"start":{"line":29,"column":61},"end":{"line":36,"column":13}},"line":29},"4":{"name":"(anonymous_4)","decl":{"start":{"line":38,"column":19},"end":{"line":38,"column":20}},"loc":{"start":{"line":38,"column":30},"end":{"line":41,"column":11}},"line":38}},"branchMap":{},"s":{"0":0,"1":0,"2":0,"3":0,"4":0,"5":0,"6":0,"7":0,"8":0},"f":{"0":0,"1":0,"2":0,"3":0,"4":0},"b":{}}
,"/workspaces/frontend/src/components/PaymentForm.js": {"path":"/workspaces/frontend/src/components/PaymentForm.js","statementMap":{"0":{"start":{"line":3,"column":20},"end":{"line":50,"column":1}},"1":{"start":{"line":4,"column":32},"end":{"line":8,"column":4}},"2":{"start":{"line":10,"column":23},"end":{"line":13,"column":3}},"3":{"start":{"line":11,"column":28},"end":{"line":11,"column":36}},"4":{"start":{"line":12,"column":4},"end":{"line":12,"column":46}},"5":{"start":{"line":15,"column":23},"end":{"line":18,"column":3}},"6":{"start":{"line":16,"column":4},"end":{"line":16,"column":23}},"7":{"start":{"line":17,"column":4},"end":{"line":17,"column":29}},"8":{"start":{"line":20,"column":2},"end":{"line":49,"column":4}}},"fnMap":{"0":{"name":"(anonymous_0)","decl":{"start":{"line":3,"column":20},"end":{"line":3,"column":21}},"loc":{"start":{"line":3,"column":45},"end":{"line":50,"column":1}},"line":3},"1":{"name":"(anonymous_1)","decl":{"start":{"line":10,"column":23},"end":{"line":10,"column":24}},"loc":{"start":{"line":10,"column":30},"end":{"line":13,"column":3}},"line":10},"2":{"name":"(anonymous_2)","decl":{"start":{"line":15,"column":23},"end":{"line":15,"column":24}},"loc":{"start":{"line":15,"column":30},"end":{"line":18,"column":3}},"line":15}},"branchMap":{},"s":{"0":0,"1":0,"2":0,"3":0,"4":0,"5":0,"6":0,"7":0,"8":0},"f":{"0":0,"1":0,"2":0},"b":{}}
,"/workspaces/frontend/src/components/ProductCard.js": {"path":"/workspaces/frontend/src/components/ProductCard.js","statementMap":{"0":{"start":{"line":9,"column":20},"end":{"line":103,"column":1}},"1":{"start":{"line":10,"column":2},"end":{"line":10,"column":127}},"2":{"start":{"line":11,"column":24},"end":{"line":11,"column":123}},"3":{"start":{"line":13,"column":26},"end":{"line":26,"column":3}},"4":{"start":{"line":14,"column":4},"end":{"line":25,"column":5}},"5":{"start":{"line":15,"column":23},"end":{"line":15,"column":54}},"6":{"start":{"line":16,"column":6},"end":{"line":16,"column":45}},"7":{"start":{"line":17,"column":6},"end":{"line":17,"column":35}},"8":{"start":{"line":19,"column":6},"end":{"line":22,"column":7}},"9":{"start":{"line":20,"column":8},"end":{"line":20,"column":87}},"10":{"start":{"line":21,"column":8},"end":{"line":21,"column":36}},"11":{"start":{"line":24,"column":6},"end":{"line":24,"column":61}},"12":{"start":{"line":28,"column":20},"end":{"line":49,"column":3}},"13":{"start":{"line":29,"column":4},"end":{"line":48,"column":5}},"14":{"start":{"line":30,"column":20},"end":{"line":30,"column":84}},"15":{"start":{"line":32,"column":6},"end":{"line":34,"column":7}},"16":{"start":{"line":33,"column":8},"end":{"line":33,"column":53}},"17":{"start":{"line":35,"column":6},"end":{"line":35,"column":35}},"18":{"start":{"line":36,"column":23},"end":{"line":41,"column":8}},"19":{"start":{"line":42,"column":6},"end":{"line":42,"column":56}},"20":{"start":{"line":44,"column":6},"end":{"line":44,"column":32}},"21":{"start":{"line":46,"column":6},"end":{"line":46,"column":98}},"22":{"start":{"line":47,"column":6},"end":{"line":47,"column":85}},"23":{"start":{"line":51,"column":54},"end":{"line":51,"column":75}},"24":{"start":{"line":53,"column":25},"end":{"line":58,"column":3}},"25":{"start":{"line":55,"column":4},"end":{"line":55,"column":43}},"26":{"start":{"line":57,"column":4},"end":{"line":57,"column":35}},"27":{"start":{"line":60,"column":2},"end":{"line":102,"column":4}},"28":{"start":{"line":66,"column":51},"end":{"line":66,"column":119}},"29":{"start":{"line":67,"column":30},"end":{"line":82,"column":31}},"30":{"start":{"line":69,"column":32},"end":{"line":77,"column":34}},"31":{"start":{"line":83,"column":30},"end":{"line":83,"column":42}}},"fnMap":{"0":{"name":"(anonymous_0)","decl":{"start":{"line":9,"column":20},"end":{"line":9,"column":21}},"loc":{"start":{"line":9,"column":37},"end":{"line":103,"column":1}},"line":9},"1":{"name":"(anonymous_1)","decl":{"start":{"line":13,"column":26},"end":{"line":13,"column":27}},"loc":{"start":{"line":13,"column":38},"end":{"line":26,"column":3}},"line":13},"2":{"name":"(anonymous_2)","decl":{"start":{"line":28,"column":20},"end":{"line":28,"column":21}},"loc":{"start":{"line":28,"column":51},"end":{"line":49,"column":3}},"line":28},"3":{"name":"(anonymous_3)","decl":{"start":{"line":53,"column":25},"end":{"line":53,"column":26}},"loc":{"start":{"line":53,"column":31},"end":{"line":58,"column":3}},"line":53},"4":{"name":"(anonymous_4)","decl":{"start":{"line":64,"column":49},"end":{"line":64,"column":50}},"loc":{"start":{"line":64,"column":69},"end":{"line":84,"column":29}},"line":64}},"branchMap":{"0":{"loc":{"start":{"line":10,"column":27},"end":{"line":10,"column":126}},"type":"binary-expr","locations":[{"start":{"line":10,"column":27},"end":{"line":10,"column":60}},{"start":{"line":10,"column":64},"end":{"line":10,"column":126}}],"line":10},"1":{"loc":{"start":{"line":11,"column":24},"end":{"line":11,"column":123}},"type":"binary-expr","locations":[{"start":{"line":11,"column":24},"end":{"line":11,"column":57}},{"start":{"line":11,"column":61},"end":{"line":11,"column":123}}],"line":11},"2":{"loc":{"start":{"line":19,"column":6},"end":{"line":22,"column":7}},"type":"if","locations":[{"start":{"line":19,"column":6},"end":{"line":22,"column":7}},{"start":{},"end":{}}],"line":19},"3":{"loc":{"start":{"line":30,"column":20},"end":{"line":30,"column":84}},"type":"binary-expr","locations":[{"start":{"line":30,"column":20},"end":{"line":30,"column":49}},{"start":{"line":30,"column":53},"end":{"line":30,"column":84}}],"line":30},"4":{"loc":{"start":{"line":32,"column":6},"end":{"line":34,"column":7}},"type":"if","locations":[{"start":{"line":32,"column":6},"end":{"line":34,"column":7}},{"start":{},"end":{}}],"line":32},"5":{"loc":{"start":{"line":46,"column":50},"end":{"line":46,"column":96}},"type":"binary-expr","locations":[{"start":{"line":46,"column":50},"end":{"line":46,"column":79}},{"start":{"line":46,"column":83},"end":{"line":46,"column":96}}],"line":46},"6":{"loc":{"start":{"line":47,"column":22},"end":{"line":47,"column":83}},"type":"binary-expr","locations":[{"start":{"line":47,"column":22},"end":{"line":47,"column":51}},{"start":{"line":47,"column":55},"end":{"line":47,"column":83}}],"line":47},"7":{"loc":{"start":{"line":63,"column":27},"end":{"line":87,"column":27}},"type":"cond-expr","locations":[{"start":{"line":64,"column":28},"end":{"line":84,"column":30}},{"start":{"line":86,"column":28},"end":{"line":86,"column":54}}],"line":63},"8":{"loc":{"start":{"line":63,"column":27},"end":{"line":63,"column":74}},"type":"binary-expr","locations":[{"start":{"line":63,"column":27},"end":{"line":63,"column":43}},{"start":{"line":63,"column":47},"end":{"line":63,"column":74}}],"line":63},"9":{"loc":{"start":{"line":66,"column":51},"end":{"line":66,"column":119}},"type":"cond-expr","locations":[{"start":{"line":66,"column":80},"end":{"line":66,"column":109}},{"start":{"line":66,"column":112},"end":{"line":66,"column":119}}],"line":66},"10":{"loc":{"start":{"line":67,"column":30},"end":{"line":82,"column":31}},"type":"if","locations":[{"start":{"line":67,"column":30},"end":{"line":82,"column":31}},{"start":{},"end":{}}],"line":67},"11":{"loc":{"start":{"line":91,"column":10},"end":{"line":95,"column":19}},"type":"binary-expr","locations":[{"start":{"line":91,"column":10},"end":{"line":91,"column":28}},{"start":{"line":92,"column":20},"end":{"line":94,"column":29}}],"line":91}},"s":{"0":1,"1":5,"2":5,"3":5,"4":3,"5":3,"6":2,"7":2,"8":2,"9":2,"10":2,"11":1,"12":5,"13":3,"14":3,"15":3,"16":0,"17":3,"18":3,"19":2,"20":2,"21":1,"22":1,"23":5,"24":5,"25":0,"26":0,"27":5,"28":5,"29":5,"30":5,"31":0},"f":{"0":5,"1":3,"2":3,"3":0,"4":5},"b":{"0":[5,0],"1":[5,0],"2":[2,0],"3":[3,0],"4":[0,3],"5":[1,0],"6":[1,0],"7":[5,0],"8":[5,5],"9":[0,5],"10":[5,0],"11":[5,1]},"_coverageSchema":"1a1c01bbd47fc00a2c39e90264f33305004495a9","hash":"7ff786aff08cf8a62d6cf59fef6c2365c8c466b9"}
,"/workspaces/frontend/src/components/ProductForm.js": {"path":"/workspaces/frontend/src/components/ProductForm.js","statementMap":{"0":{"start":{"line":3,"column":18},"end":{"line":13,"column":1}},"1":{"start":{"line":15,"column":19},"end":{"line":20,"column":1}},"2":{"start":{"line":22,"column":22},"end":{"line":28,"column":1}},"3":{"start":{"line":30,"column":23},"end":{"line":35,"column":1}},"4":{"start":{"line":37,"column":20},"end":{"line":45,"column":1}},"5":{"start":{"line":47,"column":20},"end":{"line":133,"column":1}},"6":{"start":{"line":48,"column":26},"end":{"line":48,"column":38}},"7":{"start":{"line":49,"column":28},"end":{"line":49,"column":40}},"8":{"start":{"line":50,"column":40},"end":{"line":50,"column":52}},"9":{"start":{"line":51,"column":28},"end":{"line":51,"column":40}},"10":{"start":{"line":52,"column":34},"end":{"line":52,"column":46}},"11":{"start":{"line":54,"column":2},"end":{"line":62,"column":34}},"12":{"start":{"line":55,"column":4},"end":{"line":61,"column":5}},"13":{"start":{"line":56,"column":6},"end":{"line":56,"column":35}},"14":{"start":{"line":57,"column":6},"end":{"line":57,"column":37}},"15":{"start":{"line":58,"column":6},"end":{"line":58,"column":49}},"16":{"start":{"line":59,"column":6},"end":{"line":59,"column":37}},"17":{"start":{"line":60,"column":6},"end":{"line":60,"column":49}},"18":{"start":{"line":64,"column":27},"end":{"line":66,"column":3}},"19":{"start":{"line":65,"column":4},"end":{"line":65,"column":41}},"20":{"start":{"line":68,"column":23},"end":{"line":77,"column":3}},"21":{"start":{"line":69,"column":4},"end":{"line":69,"column":23}},"22":{"start":{"line":70,"column":23},"end":{"line":70,"column":68}},"23":{"start":{"line":71,"column":4},"end":{"line":71,"column":25}},"24":{"start":{"line":72,"column":4},"end":{"line":72,"column":16}},"25":{"start":{"line":73,"column":4},"end":{"line":73,"column":17}},"26":{"start":{"line":74,"column":4},"end":{"line":74,"column":23}},"27":{"start":{"line":75,"column":4},"end":{"line":75,"column":17}},"28":{"start":{"line":76,"column":4},"end":{"line":76,"column":20}},"29":{"start":{"line":79,"column":2},"end":{"line":132,"column":4}},"30":{"start":{"line":85,"column":25},"end":{"line":85,"column":48}},"31":{"start":{"line":93,"column":25},"end":{"line":93,"column":49}},"32":{"start":{"line":100,"column":25},"end":{"line":100,"column":55}},"33":{"start":{"line":107,"column":25},"end":{"line":107,"column":49}}},"fnMap":{"0":{"name":"(anonymous_0)","decl":{"start":{"line":47,"column":20},"end":{"line":47,"column":21}},"loc":{"start":{"line":47,"column":77},"end":{"line":133,"column":1}},"line":47},"1":{"name":"(anonymous_1)","decl":{"start":{"line":54,"column":12},"end":{"line":54,"column":13}},"loc":{"start":{"line":54,"column":18},"end":{"line":62,"column":3}},"line":54},"2":{"name":"(anonymous_2)","decl":{"start":{"line":64,"column":27},"end":{"line":64,"column":28}},"loc":{"start":{"line":64,"column":38},"end":{"line":66,"column":3}},"line":64},"3":{"name":"(anonymous_3)","decl":{"start":{"line":68,"column":23},"end":{"line":68,"column":24}},"loc":{"start":{"line":68,"column":30},"end":{"line":77,"column":3}},"line":68},"4":{"name":"(anonymous_4)","decl":{"start":{"line":85,"column":18},"end":{"line":85,"column":19}},"loc":{"start":{"line":85,"column":25},"end":{"line":85,"column":48}},"line":85},"5":{"name":"(anonymous_5)","decl":{"start":{"line":93,"column":18},"end":{"line":93,"column":19}},"loc":{"start":{"line":93,"column":25},"end":{"line":93,"column":49}},"line":93},"6":{"name":"(anonymous_6)","decl":{"start":{"line":100,"column":18},"end":{"line":100,"column":19}},"loc":{"start":{"line":100,"column":25},"end":{"line":100,"column":55}},"line":100},"7":{"name":"(anonymous_7)","decl":{"start":{"line":107,"column":18},"end":{"line":107,"column":19}},"loc":{"start":{"line":107,"column":25},"end":{"line":107,"column":49}},"line":107}},"branchMap":{"0":{"loc":{"start":{"line":55,"column":4},"end":{"line":61,"column":5}},"type":"if","locations":[{"start":{"line":55,"column":4},"end":{"line":61,"column":5}},{"start":{},"end":{}}],"line":55},"1":{"loc":{"start":{"line":55,"column":8},"end":{"line":55,"column":35}},"type":"binary-expr","locations":[{"start":{"line":55,"column":8},"end":{"line":55,"column":17}},{"start":{"line":55,"column":21},"end":{"line":55,"column":35}}],"line":55},"2":{"loc":{"start":{"line":60,"column":18},"end":{"line":60,"column":47}},"type":"binary-expr","locations":[{"start":{"line":60,"column":18},"end":{"line":60,"column":41}},{"start":{"line":60,"column":45},"end":{"line":60,"column":47}}],"line":60},"3":{"loc":{"start":{"line":81,"column":11},"end":{"line":81,"column":53}},"type":"cond-expr","locations":[{"start":{"line":81,"column":23},"end":{"line":81,"column":37}},{"start":{"line":81,"column":40},"end":{"line":81,"column":53}}],"line":81},"4":{"loc":{"start":{"line":120,"column":7},"end":{"line":128,"column":7}},"type":"binary-expr","locations":[{"start":{"line":120,"column":7},"end":{"line":120,"column":16}},{"start":{"line":121,"column":8},"end":{"line":127,"column":10}}],"line":120},"5":{"loc":{"start":{"line":129,"column":49},"end":{"line":129,"column":93}},"type":"cond-expr","locations":[{"start":{"line":129,"column":61},"end":{"line":129,"column":77}},{"start":{"line":129,"column":80},"end":{"line":129,"column":93}}],"line":129},"6":{"loc":{"start":{"line":130,"column":7},"end":{"line":130,"column":98}},"type":"binary-expr","locations":[{"start":{"line":130,"column":7},"end":{"line":130,"column":16}},{"start":{"line":130,"column":20},"end":{"line":130,"column":98}}],"line":130}},"s":{"0":0,"1":0,"2":0,"3":0,"4":0,"5":0,"6":0,"7":0,"8":0,"9":0,"10":0,"11":0,"12":0,"13":0,"14":0,"15":0,"16":0,"17":0,"18":0,"19":0,"20":0,"21":0,"22":0,"23":0,"24":0,"25":0,"26":0,"27":0,"28":0,"29":0,"30":0,"31":0,"32":0,"33":0},"f":{"0":0,"1":0,"2":0,"3":0,"4":0,"5":0,"6":0,"7":0},"b":{"0":[0,0],"1":[0,0],"2":[0,0],"3":[0,0],"4":[0,0],"5":[0,0],"6":[0,0]}}
,"/workspaces/frontend/src/components/ProductList.js": {"path":"/workspaces/frontend/src/components/ProductList.js","statementMap":{"0":{"start":{"line":4,"column":20},"end":{"line":26,"column":1}},"1":{"start":{"line":5,"column":2},"end":{"line":25,"column":4}},"2":{"start":{"line":11,"column":10},"end":{"line":21,"column":16}},"3":{"start":{"line":15,"column":35},"end":{"line":15,"column":50}},"4":{"start":{"line":18,"column":35},"end":{"line":18,"column":56}}},"fnMap":{"0":{"name":"(anonymous_0)","decl":{"start":{"line":4,"column":20},"end":{"line":4,"column":21}},"loc":{"start":{"line":4,"column":56},"end":{"line":26,"column":1}},"line":4},"1":{"name":"(anonymous_1)","decl":{"start":{"line":10,"column":21},"end":{"line":10,"column":22}},"loc":{"start":{"line":11,"column":10},"end":{"line":21,"column":16}},"line":11},"2":{"name":"(anonymous_2)","decl":{"start":{"line":15,"column":29},"end":{"line":15,"column":30}},"loc":{"start":{"line":15,"column":35},"end":{"line":15,"column":50}},"line":15},"3":{"name":"(anonymous_3)","decl":{"start":{"line":18,"column":29},"end":{"line":18,"column":30}},"loc":{"start":{"line":18,"column":35},"end":{"line":18,"column":56}},"line":18}},"branchMap":{"0":{"loc":{"start":{"line":7,"column":7},"end":{"line":23,"column":7}},"type":"cond-expr","locations":[{"start":{"line":8,"column":8},"end":{"line":8,"column":36}},{"start":{"line":10,"column":8},"end":{"line":22,"column":10}}],"line":7}},"s":{"0":0,"1":0,"2":0,"3":0,"4":0},"f":{"0":0,"1":0,"2":0,"3":0},"b":{"0":[0,0]}}
,"/workspaces/frontend/src/components/ProductTable.js": {"path":"/workspaces/frontend/src/components/ProductTable.js","statementMap":{"0":{"start":{"line":4,"column":21},"end":{"line":79,"column":1}},"1":{"start":{"line":5,"column":38},"end":{"line":9,"column":4}},"2":{"start":{"line":11,"column":27},"end":{"line":21,"column":3}},"3":{"start":{"line":12,"column":4},"end":{"line":12,"column":23}},"4":{"start":{"line":13,"column":4},"end":{"line":20,"column":5}},"5":{"start":{"line":14,"column":23},"end":{"line":14,"column":68}},"6":{"start":{"line":15,"column":6},"end":{"line":15,"column":55}},"7":{"start":{"line":16,"column":6},"end":{"line":16,"column":56}},"8":{"start":{"line":17,"column":6},"end":{"line":17,"column":43}},"9":{"start":{"line":19,"column":6},"end":{"line":19,"column":53}},"10":{"start":{"line":23,"column":2},"end":{"line":78,"column":4}},"11":{"start":{"line":36,"column":12},"end":{"line":45,"column":17}},"12":{"start":{"line":41,"column":39},"end":{"line":41,"column":67}},"13":{"start":{"line":56,"column":12},"end":{"line":56,"column":66}},"14":{"start":{"line":64,"column":12},"end":{"line":64,"column":67}},"15":{"start":{"line":72,"column":12},"end":{"line":72,"column":67}}},"fnMap":{"0":{"name":"(anonymous_0)","decl":{"start":{"line":4,"column":21},"end":{"line":4,"column":22}},"loc":{"start":{"line":4,"column":56},"end":{"line":79,"column":1}},"line":4},"1":{"name":"(anonymous_1)","decl":{"start":{"line":11,"column":27},"end":{"line":11,"column":28}},"loc":{"start":{"line":11,"column":40},"end":{"line":21,"column":3}},"line":11},"2":{"name":"(anonymous_2)","decl":{"start":{"line":35,"column":24},"end":{"line":35,"column":25}},"loc":{"start":{"line":36,"column":12},"end":{"line":45,"column":17}},"line":36},"3":{"name":"(anonymous_3)","decl":{"start":{"line":41,"column":33},"end":{"line":41,"column":34}},"loc":{"start":{"line":41,"column":39},"end":{"line":41,"column":67}},"line":41},"4":{"name":"(anonymous_4)","decl":{"start":{"line":55,"column":20},"end":{"line":55,"column":21}},"loc":{"start":{"line":56,"column":12},"end":{"line":56,"column":66}},"line":56},"5":{"name":"(anonymous_5)","decl":{"start":{"line":63,"column":20},"end":{"line":63,"column":21}},"loc":{"start":{"line":64,"column":12},"end":{"line":64,"column":67}},"line":64},"6":{"name":"(anonymous_6)","decl":{"start":{"line":71,"column":20},"end":{"line":71,"column":21}},"loc":{"start":{"line":72,"column":12},"end":{"line":72,"column":67}},"line":72}},"branchMap":{},"s":{"0":0,"1":0,"2":0,"3":0,"4":0,"5":0,"6":0,"7":0,"8":0,"9":0,"10":0,"11":0,"12":0,"13":0,"14":0,"15":0},"f":{"0":0,"1":0,"2":0,"3":0,"4":0,"5":0,"6":0},"b":{}}
,"/workspaces/frontend/src/components/ProfilePage.js": {"path":"/workspaces/frontend/src/components/ProfilePage.js","statementMap":{"0":{"start":{"line":5,"column":20},"end":{"line":185,"column":1}},"1":{"start":{"line":6,"column":40},"end":{"line":6,"column":52}},"2":{"start":{"line":7,"column":32},"end":{"line":7,"column":44}},"3":{"start":{"line":8,"column":48},"end":{"line":8,"column":60}},"4":{"start":{"line":9,"column":40},"end":{"line":9,"column":52}},"5":{"start":{"line":10,"column":46},"end":{"line":10,"column":60}},"6":{"start":{"line":11,"column":32},"end":{"line":11,"column":47}},"7":{"start":{"line":13,"column":2},"end":{"line":33,"column":9}},"8":{"start":{"line":14,"column":25},"end":{"line":30,"column":5}},"9":{"start":{"line":15,"column":6},"end":{"line":15,"column":23}},"10":{"start":{"line":16,"column":6},"end":{"line":29,"column":7}},"11":{"start":{"line":17,"column":22},"end":{"line":17,"column":86}},"12":{"start":{"line":18,"column":25},"end":{"line":22,"column":10}},"13":{"start":{"line":23,"column":8},"end":{"line":23,"column":38}},"14":{"start":{"line":24,"column":8},"end":{"line":24,"column":23}},"15":{"start":{"line":26,"column":8},"end":{"line":26,"column":46}},"16":{"start":{"line":28,"column":8},"end":{"line":28,"column":26}},"17":{"start":{"line":32,"column":4},"end":{"line":32,"column":19}},"18":{"start":{"line":35,"column":23},"end":{"line":50,"column":3}},"19":{"start":{"line":36,"column":4},"end":{"line":36,"column":21}},"20":{"start":{"line":37,"column":4},"end":{"line":49,"column":5}},"21":{"start":{"line":38,"column":20},"end":{"line":38,"column":84}},"22":{"start":{"line":39,"column":6},"end":{"line":43,"column":9}},"23":{"start":{"line":44,"column":6},"end":{"line":44,"column":50}},"24":{"start":{"line":46,"column":6},"end":{"line":46,"column":46}},"25":{"start":{"line":48,"column":6},"end":{"line":48,"column":24}},"26":{"start":{"line":52,"column":31},"end":{"line":77,"column":3}},"27":{"start":{"line":53,"column":4},"end":{"line":53,"column":21}},"28":{"start":{"line":54,"column":4},"end":{"line":58,"column":5}},"29":{"start":{"line":55,"column":6},"end":{"line":55,"column":57}},"30":{"start":{"line":56,"column":6},"end":{"line":56,"column":24}},"31":{"start":{"line":57,"column":6},"end":{"line":57,"column":13}},"32":{"start":{"line":59,"column":4},"end":{"line":76,"column":5}},"33":{"start":{"line":60,"column":20},"end":{"line":60,"column":84}},"34":{"start":{"line":61,"column":6},"end":{"line":65,"column":9}},"35":{"start":{"line":66,"column":6},"end":{"line":66,"column":29}},"36":{"start":{"line":67,"column":6},"end":{"line":67,"column":25}},"37":{"start":{"line":68,"column":6},"end":{"line":68,"column":75}},"38":{"start":{"line":69,"column":6},"end":{"line":71,"column":15}},"39":{"start":{"line":70,"column":8},"end":{"line":70,"column":40}},"40":{"start":{"line":73,"column":6},"end":{"line":73,"column":47}},"41":{"start":{"line":75,"column":6},"end":{"line":75,"column":24}},"42":{"start":{"line":81,"column":29},"end":{"line":83,"column":5}},"43":{"start":{"line":82,"column":6},"end":{"line":82,"column":47}},"44":{"start":{"line":86,"column":37},"end":{"line":105,"column":3}},"45":{"start":{"line":87,"column":4},"end":{"line":87,"column":21}},"46":{"start":{"line":88,"column":4},"end":{"line":104,"column":5}},"47":{"start":{"line":89,"column":20},"end":{"line":89,"column":84}},"48":{"start":{"line":90,"column":23},"end":{"line":90,"column":37}},"49":{"start":{"line":91,"column":6},"end":{"line":91,"column":56}},"50":{"start":{"line":93,"column":6},"end":{"line":98,"column":9}},"51":{"start":{"line":99,"column":6},"end":{"line":99,"column":59}},"52":{"start":{"line":101,"column":6},"end":{"line":101,"column":54}},"53":{"start":{"line":103,"column":6},"end":{"line":103,"column":24}},"54":{"start":{"line":107,"column":2},"end":{"line":184,"column":4}},"55":{"start":{"line":128,"column":14},"end":{"line":128,"column":74}},"56":{"start":{"line":138,"column":14},"end":{"line":138,"column":71}},"57":{"start":{"line":154,"column":29},"end":{"line":154,"column":63}},"58":{"start":{"line":160,"column":29},"end":{"line":160,"column":59}}},"fnMap":{"0":{"name":"(anonymous_0)","decl":{"start":{"line":5,"column":20},"end":{"line":5,"column":21}},"loc":{"start":{"line":5,"column":26},"end":{"line":185,"column":1}},"line":5},"1":{"name":"(anonymous_1)","decl":{"start":{"line":13,"column":12},"end":{"line":13,"column":13}},"loc":{"start":{"line":13,"column":18},"end":{"line":33,"column":3}},"line":13},"2":{"name":"(anonymous_2)","decl":{"start":{"line":14,"column":25},"end":{"line":14,"column":26}},"loc":{"start":{"line":14,"column":37},"end":{"line":30,"column":5}},"line":14},"3":{"name":"(anonymous_3)","decl":{"start":{"line":35,"column":23},"end":{"line":35,"column":24}},"loc":{"start":{"line":35,"column":35},"end":{"line":50,"column":3}},"line":35},"4":{"name":"(anonymous_4)","decl":{"start":{"line":52,"column":31},"end":{"line":52,"column":32}},"loc":{"start":{"line":52,"column":43},"end":{"line":77,"column":3}},"line":52},"5":{"name":"(anonymous_5)","decl":{"start":{"line":69,"column":17},"end":{"line":69,"column":18}},"loc":{"start":{"line":69,"column":23},"end":{"line":71,"column":7}},"line":69},"6":{"name":"(anonymous_6)","decl":{"start":{"line":81,"column":29},"end":{"line":81,"column":30}},"loc":{"start":{"line":81,"column":40},"end":{"line":83,"column":5}},"line":81},"7":{"name":"(anonymous_7)","decl":{"start":{"line":86,"column":37},"end":{"line":86,"column":38}},"loc":{"start":{"line":86,"column":49},"end":{"line":105,"column":3}},"line":86},"8":{"name":"(anonymous_8)","decl":{"start":{"line":127,"column":22},"end":{"line":127,"column":23}},"loc":{"start":{"line":128,"column":14},"end":{"line":128,"column":74}},"line":128},"9":{"name":"(anonymous_9)","decl":{"start":{"line":137,"column":22},"end":{"line":137,"column":23}},"loc":{"start":{"line":138,"column":14},"end":{"line":138,"column":71}},"line":138},"10":{"name":"(anonymous_10)","decl":{"start":{"line":154,"column":22},"end":{"line":154,"column":23}},"loc":{"start":{"line":154,"column":29},"end":{"line":154,"column":63}},"line":154},"11":{"name":"(anonymous_11)","decl":{"start":{"line":160,"column":22},"end":{"line":160,"column":23}},"loc":{"start":{"line":160,"column":29},"end":{"line":160,"column":59}},"line":160}},"branchMap":{"0":{"loc":{"start":{"line":17,"column":22},"end":{"line":17,"column":86}},"type":"binary-expr","locations":[{"start":{"line":17,"column":22},"end":{"line":17,"column":51}},{"start":{"line":17,"column":55},"end":{"line":17,"column":86}}],"line":17},"1":{"loc":{"start":{"line":38,"column":20},"end":{"line":38,"column":84}},"type":"binary-expr","locations":[{"start":{"line":38,"column":20},"end":{"line":38,"column":49}},{"start":{"line":38,"column":53},"end":{"line":38,"column":84}}],"line":38},"2":{"loc":{"start":{"line":54,"column":4},"end":{"line":58,"column":5}},"type":"if","locations":[{"start":{"line":54,"column":4},"end":{"line":58,"column":5}},{"start":{},"end":{}}],"line":54},"3":{"loc":{"start":{"line":54,"column":8},"end":{"line":54,"column":40}},"type":"binary-expr","locations":[{"start":{"line":54,"column":8},"end":{"line":54,"column":24}},{"start":{"line":54,"column":28},"end":{"line":54,"column":40}}],"line":54},"4":{"loc":{"start":{"line":60,"column":20},"end":{"line":60,"column":84}},"type":"binary-expr","locations":[{"start":{"line":60,"column":20},"end":{"line":60,"column":49}},{"start":{"line":60,"column":53},"end":{"line":60,"column":84}}],"line":60},"5":{"loc":{"start":{"line":89,"column":20},"end":{"line":89,"column":84}},"type":"binary-expr","locations":[{"start":{"line":89,"column":20},"end":{"line":89,"column":49}},{"start":{"line":89,"column":53},"end":{"line":89,"column":84}}],"line":89},"6":{"loc":{"start":{"line":112,"column":17},"end":{"line":112,"column":68}},"type":"binary-expr","locations":[{"start":{"line":112,"column":17},"end":{"line":112,"column":43}},{"start":{"line":112,"column":47},"end":{"line":112,"column":68}}],"line":112},"7":{"loc":{"start":{"line":119,"column":7},"end":{"line":119,"column":34}},"type":"binary-expr","locations":[{"start":{"line":119,"column":7},"end":{"line":119,"column":14}},{"start":{"line":119,"column":18},"end":{"line":119,"column":34}}],"line":119},"8":{"loc":{"start":{"line":120,"column":7},"end":{"line":120,"column":35}},"type":"binary-expr","locations":[{"start":{"line":120,"column":7},"end":{"line":120,"column":14}},{"start":{"line":120,"column":18},"end":{"line":120,"column":35}}],"line":120},"9":{"loc":{"start":{"line":126,"column":19},"end":{"line":126,"column":45}},"type":"binary-expr","locations":[{"start":{"line":126,"column":19},"end":{"line":126,"column":39}},{"start":{"line":126,"column":43},"end":{"line":126,"column":45}}],"line":126},"10":{"loc":{"start":{"line":136,"column":19},"end":{"line":136,"column":42}},"type":"binary-expr","locations":[{"start":{"line":136,"column":19},"end":{"line":136,"column":36}},{"start":{"line":136,"column":40},"end":{"line":136,"column":42}}],"line":136}},"s":{"0":0,"1":0,"2":0,"3":0,"4":0,"5":0,"6":0,"7":0,"8":0,"9":0,"10":0,"11":0,"12":0,"13":0,"14":0,"15":0,"16":0,"17":0,"18":0,"19":0,"20":0,"21":0,"22":0,"23":0,"24":0,"25":0,"26":0,"27":0,"28":0,"29":0,"30":0,"31":0,"32":0,"33":0,"34":0,"35":0,"36":0,"37":0,"38":0,"39":0,"40":0,"41":0,"42":0,"43":0,"44":0,"45":0,"46":0,"47":0,"48":0,"49":0,"50":0,"51":0,"52":0,"53":0,"54":0,"55":0,"56":0,"57":0,"58":0},"f":{"0":0,"1":0,"2":0,"3":0,"4":0,"5":0,"6":0,"7":0,"8":0,"9":0,"10":0,"11":0},"b":{"0":[0,0],"1":[0,0],"2":[0,0],"3":[0,0],"4":[0,0],"5":[0,0],"6":[0,0],"7":[0,0],"8":[0,0],"9":[0,0],"10":[0,0]}}
,"/workspaces/frontend/src/components/SellerProductList.js": {"path":"/workspaces/frontend/src/components/SellerProductList.js","statementMap":{"0":{"start":{"line":5,"column":26},"end":{"line":80,"column":1}},"1":{"start":{"line":6,"column":2},"end":{"line":6,"column":127}},"2":{"start":{"line":8,"column":25},"end":{"line":10,"column":3}},"3":{"start":{"line":9,"column":4},"end":{"line":9,"column":36}},"4":{"start":{"line":9,"column":18},"end":{"line":9,"column":36}},"5":{"start":{"line":12,"column":21},"end":{"line":14,"column":3}},"6":{"start":{"line":13,"column":4},"end":{"line":13,"column":45}},"7":{"start":{"line":13,"column":27},"end":{"line":13,"column":45}},"8":{"start":{"line":16,"column":2},"end":{"line":79,"column":4}},"9":{"start":{"line":30,"column":14},"end":{"line":64,"column":20}},"10":{"start":{"line":34,"column":43},"end":{"line":34,"column":113}},"11":{"start":{"line":35,"column":22},"end":{"line":49,"column":24}},"12":{"start":{"line":57,"column":41},"end":{"line":57,"column":56}},"13":{"start":{"line":60,"column":41},"end":{"line":60,"column":62}}},"fnMap":{"0":{"name":"(anonymous_0)","decl":{"start":{"line":5,"column":26},"end":{"line":5,"column":27}},"loc":{"start":{"line":5,"column":105},"end":{"line":80,"column":1}},"line":5},"1":{"name":"(anonymous_1)","decl":{"start":{"line":8,"column":25},"end":{"line":8,"column":26}},"loc":{"start":{"line":8,"column":31},"end":{"line":10,"column":3}},"line":8},"2":{"name":"(anonymous_2)","decl":{"start":{"line":12,"column":21},"end":{"line":12,"column":22}},"loc":{"start":{"line":12,"column":27},"end":{"line":14,"column":3}},"line":12},"3":{"name":"(anonymous_3)","decl":{"start":{"line":29,"column":25},"end":{"line":29,"column":26}},"loc":{"start":{"line":30,"column":14},"end":{"line":64,"column":20}},"line":30},"4":{"name":"(anonymous_4)","decl":{"start":{"line":33,"column":53},"end":{"line":33,"column":54}},"loc":{"start":{"line":33,"column":73},"end":{"line":50,"column":21}},"line":33},"5":{"name":"(anonymous_5)","decl":{"start":{"line":57,"column":35},"end":{"line":57,"column":36}},"loc":{"start":{"line":57,"column":41},"end":{"line":57,"column":56}},"line":57},"6":{"name":"(anonymous_6)","decl":{"start":{"line":60,"column":35},"end":{"line":60,"column":36}},"loc":{"start":{"line":60,"column":41},"end":{"line":60,"column":62}},"line":60}},"branchMap":{"0":{"loc":{"start":{"line":6,"column":27},"end":{"line":6,"column":126}},"type":"binary-expr","locations":[{"start":{"line":6,"column":27},"end":{"line":6,"column":60}},{"start":{"line":6,"column":64},"end":{"line":6,"column":126}}],"line":6},"1":{"loc":{"start":{"line":9,"column":4},"end":{"line":9,"column":36}},"type":"if","locations":[{"start":{"line":9,"column":4},"end":{"line":9,"column":36}},{"start":{},"end":{}}],"line":9},"2":{"loc":{"start":{"line":13,"column":4},"end":{"line":13,"column":45}},"type":"if","locations":[{"start":{"line":13,"column":4},"end":{"line":13,"column":45}},{"start":{},"end":{}}],"line":13},"3":{"loc":{"start":{"line":19,"column":7},"end":{"line":68,"column":7}},"type":"cond-expr","locations":[{"start":{"line":20,"column":8},"end":{"line":20,"column":25}},{"start":{"line":21,"column":10},"end":{"line":68,"column":7}}],"line":19},"4":{"loc":{"start":{"line":21,"column":10},"end":{"line":68,"column":7}},"type":"cond-expr","locations":[{"start":{"line":22,"column":8},"end":{"line":22,"column":40}},{"start":{"line":24,"column":8},"end":{"line":67,"column":14}}],"line":21},"5":{"loc":{"start":{"line":25,"column":11},"end":{"line":66,"column":11}},"type":"cond-expr","locations":[{"start":{"line":26,"column":12},"end":{"line":26,"column":41}},{"start":{"line":28,"column":12},"end":{"line":65,"column":14}}],"line":25},"6":{"loc":{"start":{"line":25,"column":11},"end":{"line":25,"column":59}},"type":"binary-expr","locations":[{"start":{"line":25,"column":11},"end":{"line":25,"column":34}},{"start":{"line":25,"column":38},"end":{"line":25,"column":59}}],"line":25},"7":{"loc":{"start":{"line":28,"column":12},"end":{"line":65,"column":14}},"type":"binary-expr","locations":[{"start":{"line":28,"column":12},"end":{"line":28,"column":35}},{"start":{"line":29,"column":12},"end":{"line":65,"column":14}}],"line":28},"8":{"loc":{"start":{"line":32,"column":19},"end":{"line":53,"column":19}},"type":"cond-expr","locations":[{"start":{"line":33,"column":20},"end":{"line":50,"column":22}},{"start":{"line":52,"column":20},"end":{"line":52,"column":45}}],"line":32},"9":{"loc":{"start":{"line":32,"column":19},"end":{"line":32,"column":81}},"type":"binary-expr","locations":[{"start":{"line":32,"column":19},"end":{"line":32,"column":50}},{"start":{"line":32,"column":54},"end":{"line":32,"column":81}}],"line":32},"10":{"loc":{"start":{"line":34,"column":43},"end":{"line":34,"column":113}},"type":"cond-expr","locations":[{"start":{"line":34,"column":73},"end":{"line":34,"column":103}},{"start":{"line":34,"column":106},"end":{"line":34,"column":113}}],"line":34}},"s":{"0":0,"1":0,"2":0,"3":0,"4":0,"5":0,"6":0,"7":0,"8":0,"9":0,"10":0,"11":0,"12":0,"13":0},"f":{"0":0,"1":0,"2":0,"3":0,"4":0,"5":0,"6":0},"b":{"0":[0,0],"1":[0,0],"2":[0,0],"3":[0,0],"4":[0,0],"5":[0,0],"6":[0,0],"7":[0,0],"8":[0,0],"9":[0,0],"10":[0,0]}}
,"/workspaces/frontend/src/components/ShippingForm.js": {"path":"/workspaces/frontend/src/components/ShippingForm.js","statementMap":{"0":{"start":{"line":3,"column":21},"end":{"line":59,"column":1}},"1":{"start":{"line":4,"column":32},"end":{"line":9,"column":4}},"2":{"start":{"line":11,"column":23},"end":{"line":14,"column":3}},"3":{"start":{"line":12,"column":28},"end":{"line":12,"column":36}},"4":{"start":{"line":13,"column":4},"end":{"line":13,"column":46}},"5":{"start":{"line":16,"column":23},"end":{"line":19,"column":3}},"6":{"start":{"line":17,"column":4},"end":{"line":17,"column":23}},"7":{"start":{"line":18,"column":4},"end":{"line":18,"column":29}},"8":{"start":{"line":21,"column":2},"end":{"line":58,"column":4}}},"fnMap":{"0":{"name":"(anonymous_0)","decl":{"start":{"line":3,"column":21},"end":{"line":3,"column":22}},"loc":{"start":{"line":3,"column":46},"end":{"line":59,"column":1}},"line":3},"1":{"name":"(anonymous_1)","decl":{"start":{"line":11,"column":23},"end":{"line":11,"column":24}},"loc":{"start":{"line":11,"column":30},"end":{"line":14,"column":3}},"line":11},"2":{"name":"(anonymous_2)","decl":{"start":{"line":16,"column":23},"end":{"line":16,"column":24}},"loc":{"start":{"line":16,"column":30},"end":{"line":19,"column":3}},"line":16}},"branchMap":{},"s":{"0":0,"1":0,"2":0,"3":0,"4":0,"5":0,"6":0,"7":0,"8":0},"f":{"0":0,"1":0,"2":0},"b":{}}
,"/workspaces/frontend/src/components/UserTable.js": {"path":"/workspaces/frontend/src/components/UserTable.js","statementMap":{"0":{"start":{"line":3,"column":18},"end":{"line":28,"column":1}},"1":{"start":{"line":4,"column":2},"end":{"line":27,"column":4}},"2":{"start":{"line":16,"column":10},"end":{"line":23,"column":15}},"3":{"start":{"line":21,"column":37},"end":{"line":21,"column":59}}},"fnMap":{"0":{"name":"(anonymous_0)","decl":{"start":{"line":3,"column":18},"end":{"line":3,"column":19}},"loc":{"start":{"line":3,"column":47},"end":{"line":28,"column":1}},"line":3},"1":{"name":"(anonymous_1)","decl":{"start":{"line":15,"column":19},"end":{"line":15,"column":20}},"loc":{"start":{"line":16,"column":10},"end":{"line":23,"column":15}},"line":16},"2":{"name":"(anonymous_2)","decl":{"start":{"line":21,"column":31},"end":{"line":21,"column":32}},"loc":{"start":{"line":21,"column":37},"end":{"line":21,"column":59}},"line":21}},"branchMap":{},"s":{"0":0,"1":0,"2":0,"3":0},"f":{"0":0,"1":0,"2":0},"b":{}}
,"/workspaces/frontend/src/components/search.js": {"path":"/workspaces/frontend/src/components/search.js","statementMap":{"0":{"start":{"line":4,"column":33},"end":{"line":81,"column":1}},"1":{"start":{"line":5,"column":30},"end":{"line":5,"column":42}},"2":{"start":{"line":6,"column":36},"end":{"line":6,"column":48}},"3":{"start":{"line":7,"column":36},"end":{"line":7,"column":48}},"4":{"start":{"line":8,"column":36},"end":{"line":8,"column":48}},"5":{"start":{"line":9,"column":32},"end":{"line":9,"column":44}},"6":{"start":{"line":10,"column":36},"end":{"line":10,"column":48}},"7":{"start":{"line":11,"column":34},"end":{"line":11,"column":49}},"8":{"start":{"line":12,"column":30},"end":{"line":12,"column":42}},"9":{"start":{"line":14,"column":25},"end":{"line":26,"column":5}},"10":{"start":{"line":15,"column":8},"end":{"line":15,"column":25}},"11":{"start":{"line":16,"column":8},"end":{"line":16,"column":21}},"12":{"start":{"line":17,"column":8},"end":{"line":24,"column":9}},"13":{"start":{"line":18,"column":29},"end":{"line":20,"column":14}},"14":{"start":{"line":21,"column":12},"end":{"line":21,"column":39}},"15":{"start":{"line":23,"column":12},"end":{"line":23,"column":48}},"16":{"start":{"line":25,"column":8},"end":{"line":25,"column":26}},"17":{"start":{"line":28,"column":4},"end":{"line":80,"column":6}},"18":{"start":{"line":36,"column":37},"end":{"line":36,"column":61}},"19":{"start":{"line":38,"column":58},"end":{"line":38,"column":85}},"20":{"start":{"line":48,"column":37},"end":{"line":48,"column":64}},"21":{"start":{"line":54,"column":37},"end":{"line":54,"column":64}},"22":{"start":{"line":60,"column":37},"end":{"line":60,"column":62}},"23":{"start":{"line":71,"column":20},"end":{"line":76,"column":26}}},"fnMap":{"0":{"name":"(anonymous_0)","decl":{"start":{"line":4,"column":33},"end":{"line":4,"column":34}},"loc":{"start":{"line":4,"column":39},"end":{"line":81,"column":1}},"line":4},"1":{"name":"(anonymous_1)","decl":{"start":{"line":14,"column":25},"end":{"line":14,"column":26}},"loc":{"start":{"line":14,"column":37},"end":{"line":26,"column":5}},"line":14},"2":{"name":"(anonymous_2)","decl":{"start":{"line":36,"column":30},"end":{"line":36,"column":31}},"loc":{"start":{"line":36,"column":37},"end":{"line":36,"column":61}},"line":36},"3":{"name":"(anonymous_3)","decl":{"start":{"line":38,"column":51},"end":{"line":38,"column":52}},"loc":{"start":{"line":38,"column":58},"end":{"line":38,"column":85}},"line":38},"4":{"name":"(anonymous_4)","decl":{"start":{"line":48,"column":30},"end":{"line":48,"column":31}},"loc":{"start":{"line":48,"column":37},"end":{"line":48,"column":64}},"line":48},"5":{"name":"(anonymous_5)","decl":{"start":{"line":54,"column":30},"end":{"line":54,"column":31}},"loc":{"start":{"line":54,"column":37},"end":{"line":54,"column":64}},"line":54},"6":{"name":"(anonymous_6)","decl":{"start":{"line":60,"column":30},"end":{"line":60,"column":31}},"loc":{"start":{"line":60,"column":37},"end":{"line":60,"column":62}},"line":60},"7":{"name":"(anonymous_7)","decl":{"start":{"line":70,"column":30},"end":{"line":70,"column":31}},"loc":{"start":{"line":71,"column":20},"end":{"line":76,"column":26}},"line":71}},"branchMap":{"0":{"loc":{"start":{"line":65,"column":13},"end":{"line":65,"column":41}},"type":"binary-expr","locations":[{"start":{"line":65,"column":13},"end":{"line":65,"column":20}},{"start":{"line":65,"column":24},"end":{"line":65,"column":41}}],"line":65},"1":{"loc":{"start":{"line":66,"column":13},"end":{"line":66,"column":61}},"type":"binary-expr","locations":[{"start":{"line":66,"column":13},"end":{"line":66,"column":18}},{"start":{"line":66,"column":22},"end":{"line":66,"column":61}}],"line":66},"2":{"loc":{"start":{"line":69,"column":17},"end":{"line":69,"column":78}},"type":"binary-expr","locations":[{"start":{"line":69,"column":17},"end":{"line":69,"column":38}},{"start":{"line":69,"column":42},"end":{"line":69,"column":50}},{"start":{"line":69,"column":54},"end":{"line":69,"column":78}}],"line":69}},"s":{"0":0,"1":0,"2":0,"3":0,"4":0,"5":0,"6":0,"7":0,"8":0,"9":0,"10":0,"11":0,"12":0,"13":0,"14":0,"15":0,"16":0,"17":0,"18":0,"19":0,"20":0,"21":0,"22":0,"23":0},"f":{"0":0,"1":0,"2":0,"3":0,"4":0,"5":0,"6":0,"7":0},"b":{"0":[0,0],"1":[0,0],"2":[0,0,0]}}
,"/workspaces/frontend/src/context/AuthContext.js": {"path":"/workspaces/frontend/src/context/AuthContext.js","statementMap":{"0":{"start":{"line":5,"column":27},"end":{"line":5,"column":42}},"1":{"start":{"line":7,"column":21},"end":{"line":35,"column":1}},"2":{"start":{"line":8,"column":26},"end":{"line":8,"column":40}},"3":{"start":{"line":9,"column":19},"end":{"line":9,"column":32}},"4":{"start":{"line":11,"column":16},"end":{"line":14,"column":3}},"5":{"start":{"line":12,"column":4},"end":{"line":12,"column":41}},"6":{"start":{"line":13,"column":4},"end":{"line":13,"column":22}},"7":{"start":{"line":16,"column":17},"end":{"line":20,"column":3}},"8":{"start":{"line":17,"column":4},"end":{"line":17,"column":37}},"9":{"start":{"line":18,"column":4},"end":{"line":18,"column":18}},"10":{"start":{"line":19,"column":4},"end":{"line":19,"column":23}},"11":{"start":{"line":22,"column":2},"end":{"line":28,"column":9}},"12":{"start":{"line":23,"column":18},"end":{"line":23,"column":47}},"13":{"start":{"line":24,"column":4},"end":{"line":27,"column":5}},"14":{"start":{"line":26,"column":6},"end":{"line":26,"column":36}},"15":{"start":{"line":30,"column":2},"end":{"line":34,"column":4}}},"fnMap":{"0":{"name":"(anonymous_0)","decl":{"start":{"line":7,"column":21},"end":{"line":7,"column":22}},"loc":{"start":{"line":7,"column":39},"end":{"line":35,"column":1}},"line":7},"1":{"name":"(anonymous_1)","decl":{"start":{"line":11,"column":16},"end":{"line":11,"column":17}},"loc":{"start":{"line":11,"column":37},"end":{"line":14,"column":3}},"line":11},"2":{"name":"(anonymous_2)","decl":{"start":{"line":16,"column":17},"end":{"line":16,"column":18}},"loc":{"start":{"line":16,"column":23},"end":{"line":20,"column":3}},"line":16},"3":{"name":"(anonymous_3)","decl":{"start":{"line":22,"column":12},"end":{"line":22,"column":13}},"loc":{"start":{"line":22,"column":18},"end":{"line":28,"column":3}},"line":22}},"branchMap":{"0":{"loc":{"start":{"line":24,"column":4},"end":{"line":27,"column":5}},"type":"if","locations":[{"start":{"line":24,"column":4},"end":{"line":27,"column":5}},{"start":{},"end":{}}],"line":24}},"s":{"0":0,"1":0,"2":0,"3":0,"4":0,"5":0,"6":0,"7":0,"8":0,"9":0,"10":0,"11":0,"12":0,"13":0,"14":0,"15":0},"f":{"0":0,"1":0,"2":0,"3":0},"b":{"0":[0,0]}}
,"/workspaces/frontend/src/hooks/useSellerProducts.js": {"path":"/workspaces/frontend/src/hooks/useSellerProducts.js","statementMap":{"0":{"start":{"line":4,"column":26},"end":{"line":91,"column":1}},"1":{"start":{"line":5,"column":34},"end":{"line":5,"column":46}},"2":{"start":{"line":6,"column":32},"end":{"line":6,"column":47}},"3":{"start":{"line":7,"column":28},"end":{"line":7,"column":40}},"4":{"start":{"line":8,"column":26},"end":{"line":8,"column":37}},"5":{"start":{"line":9,"column":38},"end":{"line":9,"column":49}},"6":{"start":{"line":13,"column":24},"end":{"line":31,"column":12}},"7":{"start":{"line":14,"column":4},"end":{"line":14,"column":21}},"8":{"start":{"line":15,"column":4},"end":{"line":30,"column":5}},"9":{"start":{"line":16,"column":20},"end":{"line":16,"column":84}},"10":{"start":{"line":17,"column":23},"end":{"line":20,"column":8}},"11":{"start":{"line":21,"column":6},"end":{"line":21,"column":39}},"12":{"start":{"line":22,"column":6},"end":{"line":22,"column":42}},"13":{"start":{"line":23,"column":6},"end":{"line":23,"column":46}},"14":{"start":{"line":24,"column":6},"end":{"line":24,"column":19}},"15":{"start":{"line":26,"column":6},"end":{"line":26,"column":44}},"16":{"start":{"line":27,"column":6},"end":{"line":27,"column":25}},"17":{"start":{"line":29,"column":6},"end":{"line":29,"column":24}},"18":{"start":{"line":34,"column":2},"end":{"line":36,"column":28}},"19":{"start":{"line":35,"column":4},"end":{"line":35,"column":20}},"20":{"start":{"line":67,"column":24},"end":{"line":77,"column":8}},"21":{"start":{"line":68,"column":4},"end":{"line":76,"column":5}},"22":{"start":{"line":69,"column":20},"end":{"line":69,"column":84}},"23":{"start":{"line":70,"column":6},"end":{"line":72,"column":9}},"24":{"start":{"line":73,"column":6},"end":{"line":73,"column":74}},"25":{"start":{"line":73,"column":28},"end":{"line":73,"column":72}},"26":{"start":{"line":73,"column":53},"end":{"line":73,"column":71}},"27":{"start":{"line":75,"column":6},"end":{"line":75,"column":54}},"28":{"start":{"line":79,"column":2},"end":{"line":90,"column":4}},"29":{"start":{"line":88,"column":26},"end":{"line":88,"column":42}}},"fnMap":{"0":{"name":"(anonymous_0)","decl":{"start":{"line":4,"column":26},"end":{"line":4,"column":27}},"loc":{"start":{"line":4,"column":32},"end":{"line":91,"column":1}},"line":4},"1":{"name":"(anonymous_1)","decl":{"start":{"line":13,"column":36},"end":{"line":13,"column":37}},"loc":{"start":{"line":13,"column":48},"end":{"line":31,"column":3}},"line":13},"2":{"name":"(anonymous_2)","decl":{"start":{"line":34,"column":12},"end":{"line":34,"column":13}},"loc":{"start":{"line":34,"column":18},"end":{"line":36,"column":3}},"line":34},"3":{"name":"(anonymous_3)","decl":{"start":{"line":67,"column":36},"end":{"line":67,"column":37}},"loc":{"start":{"line":67,"column":50},"end":{"line":77,"column":3}},"line":67},"4":{"name":"(anonymous_4)","decl":{"start":{"line":73,"column":18},"end":{"line":73,"column":19}},"loc":{"start":{"line":73,"column":28},"end":{"line":73,"column":72}},"line":73},"5":{"name":"(anonymous_5)","decl":{"start":{"line":73,"column":40},"end":{"line":73,"column":41}},"loc":{"start":{"line":73,"column":53},"end":{"line":73,"column":71}},"line":73},"6":{"name":"(anonymous_6)","decl":{"start":{"line":88,"column":13},"end":{"line":88,"column":14}},"loc":{"start":{"line":88,"column":26},"end":{"line":88,"column":42}},"line":88}},"branchMap":{"0":{"loc":{"start":{"line":16,"column":20},"end":{"line":16,"column":84}},"type":"binary-expr","locations":[{"start":{"line":16,"column":20},"end":{"line":16,"column":49}},{"start":{"line":16,"column":53},"end":{"line":16,"column":84}}],"line":16},"1":{"loc":{"start":{"line":69,"column":20},"end":{"line":69,"column":84}},"type":"binary-expr","locations":[{"start":{"line":69,"column":20},"end":{"line":69,"column":49}},{"start":{"line":69,"column":53},"end":{"line":69,"column":84}}],"line":69}},"s":{"0":0,"1":0,"2":0,"3":0,"4":0,"5":0,"6":0,"7":0,"8":0,"9":0,"10":0,"11":0,"12":0,"13":0,"14":0,"15":0,"16":0,"17":0,"18":0,"19":0,"20":0,"21":0,"22":0,"23":0,"24":0,"25":0,"26":0,"27":0,"28":0,"29":0},"f":{"0":0,"1":0,"2":0,"3":0,"4":0,"5":0,"6":0},"b":{"0":[0,0],"1":[0,0]}}
,"/workspaces/frontend/src/pages/AdminDashboard.js": {"path":"/workspaces/frontend/src/pages/AdminDashboard.js","statementMap":{"0":{"start":{"line":7,"column":23},"end":{"line":69,"column":1}},"1":{"start":{"line":8,"column":28},"end":{"line":8,"column":40}},"2":{"start":{"line":9,"column":34},"end":{"line":9,"column":46}},"3":{"start":{"line":12,"column":2},"end":{"line":27,"column":9}},"4":{"start":{"line":13,"column":22},"end":{"line":25,"column":5}},"5":{"start":{"line":14,"column":6},"end":{"line":24,"column":7}},"6":{"start":{"line":15,"column":22},"end":{"line":15,"column":86}},"7":{"start":{"line":16,"column":50},"end":{"line":19,"column":10}},"8":{"start":{"line":20,"column":8},"end":{"line":20,"column":37}},"9":{"start":{"line":21,"column":8},"end":{"line":21,"column":43}},"10":{"start":{"line":23,"column":8},"end":{"line":23,"column":60}},"11":{"start":{"line":26,"column":4},"end":{"line":26,"column":16}},"12":{"start":{"line":30,"column":27},"end":{"line":40,"column":3}},"13":{"start":{"line":31,"column":4},"end":{"line":39,"column":5}},"14":{"start":{"line":32,"column":6},"end":{"line":32,"column":51}},"15":{"start":{"line":33,"column":20},"end":{"line":33,"column":84}},"16":{"start":{"line":34,"column":6},"end":{"line":34,"column":96}},"17":{"start":{"line":35,"column":6},"end":{"line":35,"column":63}},"18":{"start":{"line":36,"column":6},"end":{"line":36,"column":56}},"19":{"start":{"line":36,"column":38},"end":{"line":36,"column":53}},"20":{"start":{"line":38,"column":6},"end":{"line":38,"column":53}},"21":{"start":{"line":43,"column":30},"end":{"line":51,"column":3}},"22":{"start":{"line":44,"column":4},"end":{"line":50,"column":5}},"23":{"start":{"line":45,"column":20},"end":{"line":45,"column":84}},"24":{"start":{"line":46,"column":6},"end":{"line":46,"column":99}},"25":{"start":{"line":47,"column":6},"end":{"line":47,"column":68}},"26":{"start":{"line":47,"column":47},"end":{"line":47,"column":65}},"27":{"start":{"line":49,"column":6},"end":{"line":49,"column":56}},"28":{"start":{"line":53,"column":2},"end":{"line":68,"column":4}}},"fnMap":{"0":{"name":"(anonymous_0)","decl":{"start":{"line":7,"column":23},"end":{"line":7,"column":24}},"loc":{"start":{"line":7,"column":29},"end":{"line":69,"column":1}},"line":7},"1":{"name":"(anonymous_1)","decl":{"start":{"line":12,"column":12},"end":{"line":12,"column":13}},"loc":{"start":{"line":12,"column":18},"end":{"line":27,"column":3}},"line":12},"2":{"name":"(anonymous_2)","decl":{"start":{"line":13,"column":22},"end":{"line":13,"column":23}},"loc":{"start":{"line":13,"column":34},"end":{"line":25,"column":5}},"line":13},"3":{"name":"(anonymous_3)","decl":{"start":{"line":30,"column":27},"end":{"line":30,"column":28}},"loc":{"start":{"line":30,"column":41},"end":{"line":40,"column":3}},"line":30},"4":{"name":"(anonymous_4)","decl":{"start":{"line":36,"column":28},"end":{"line":36,"column":29}},"loc":{"start":{"line":36,"column":38},"end":{"line":36,"column":53}},"line":36},"5":{"name":"(anonymous_5)","decl":{"start":{"line":43,"column":30},"end":{"line":43,"column":31}},"loc":{"start":{"line":43,"column":44},"end":{"line":51,"column":3}},"line":43},"6":{"name":"(anonymous_6)","decl":{"start":{"line":47,"column":34},"end":{"line":47,"column":35}},"loc":{"start":{"line":47,"column":47},"end":{"line":47,"column":65}},"line":47}},"branchMap":{"0":{"loc":{"start":{"line":15,"column":22},"end":{"line":15,"column":86}},"type":"binary-expr","locations":[{"start":{"line":15,"column":22},"end":{"line":15,"column":51}},{"start":{"line":15,"column":55},"end":{"line":15,"column":86}}],"line":15},"1":{"loc":{"start":{"line":33,"column":20},"end":{"line":33,"column":84}},"type":"binary-expr","locations":[{"start":{"line":33,"column":20},"end":{"line":33,"column":49}},{"start":{"line":33,"column":53},"end":{"line":33,"column":84}}],"line":33},"2":{"loc":{"start":{"line":45,"column":20},"end":{"line":45,"column":84}},"type":"binary-expr","locations":[{"start":{"line":45,"column":20},"end":{"line":45,"column":49}},{"start":{"line":45,"column":53},"end":{"line":45,"column":84}}],"line":45}},"s":{"0":0,"1":0,"2":0,"3":0,"4":0,"5":0,"6":0,"7":0,"8":0,"9":0,"10":0,"11":0,"12":0,"13":0,"14":0,"15":0,"16":0,"17":0,"18":0,"19":0,"20":0,"21":0,"22":0,"23":0,"24":0,"25":0,"26":0,"27":0,"28":0},"f":{"0":0,"1":0,"2":0,"3":0,"4":0,"5":0,"6":0},"b":{"0":[0,0],"1":[0,0],"2":[0,0]}}
,"/workspaces/frontend/src/pages/CartPage.js": {"path":"/workspaces/frontend/src/pages/CartPage.js","statementMap":{"0":{"start":{"line":6,"column":17},"end":{"line":205,"column":1}},"1":{"start":{"line":7,"column":2},"end":{"line":7,"column":127}},"2":{"start":{"line":8,"column":28},"end":{"line":8,"column":61}},"3":{"start":{"line":9,"column":34},"end":{"line":9,"column":49}},"4":{"start":{"line":10,"column":30},"end":{"line":10,"column":42}},"5":{"start":{"line":11,"column":22},"end":{"line":11,"column":35}},"6":{"start":{"line":14,"column":22},"end":{"line":44,"column":5}},"7":{"start":{"line":15,"column":6},"end":{"line":15,"column":23}},"8":{"start":{"line":16,"column":6},"end":{"line":16,"column":19}},"9":{"start":{"line":17,"column":6},"end":{"line":40,"column":7}},"10":{"start":{"line":18,"column":22},"end":{"line":18,"column":86}},"11":{"start":{"line":19,"column":8},"end":{"line":21,"column":9}},"12":{"start":{"line":20,"column":10},"end":{"line":20,"column":71}},"13":{"start":{"line":23,"column":25},"end":{"line":25,"column":10}},"14":{"start":{"line":27,"column":8},"end":{"line":27,"column":59}},"15":{"start":{"line":30,"column":33},"end":{"line":30,"column":73}},"16":{"start":{"line":31,"column":8},"end":{"line":31,"column":56}},"17":{"start":{"line":32,"column":8},"end":{"line":32,"column":34}},"18":{"start":{"line":34,"column":8},"end":{"line":34,"column":51}},"19":{"start":{"line":36,"column":10},"end":{"line":36,"column":64}},"20":{"start":{"line":37,"column":8},"end":{"line":37,"column":31}},"21":{"start":{"line":39,"column":8},"end":{"line":39,"column":26}},"22":{"start":{"line":42,"column":6},"end":{"line":42,"column":44}},"23":{"start":{"line":42,"column":19},"end":{"line":42,"column":44}},"24":{"start":{"line":43,"column":6},"end":{"line":43,"column":64}},"25":{"start":{"line":43,"column":17},"end":{"line":43,"column":64}},"26":{"start":{"line":47,"column":4},"end":{"line":49,"column":20}},"27":{"start":{"line":48,"column":6},"end":{"line":48,"column":18}},"28":{"start":{"line":50,"column":27},"end":{"line":52,"column":5}},"29":{"start":{"line":51,"column":6},"end":{"line":51,"column":81}},"30":{"start":{"line":54,"column":25},"end":{"line":86,"column":3}},"31":{"start":{"line":55,"column":4},"end":{"line":85,"column":5}},"32":{"start":{"line":56,"column":20},"end":{"line":56,"column":84}},"33":{"start":{"line":58,"column":6},"end":{"line":61,"column":7}},"34":{"start":{"line":59,"column":8},"end":{"line":59,"column":59}},"35":{"start":{"line":60,"column":8},"end":{"line":60,"column":15}},"36":{"start":{"line":64,"column":23},"end":{"line":70,"column":7}},"37":{"start":{"line":72,"column":6},"end":{"line":72,"column":59}},"38":{"start":{"line":75,"column":6},"end":{"line":79,"column":7}},"39":{"start":{"line":76,"column":8},"end":{"line":76,"column":36}},"40":{"start":{"line":78,"column":8},"end":{"line":78,"column":63}},"41":{"start":{"line":81,"column":6},"end":{"line":81,"column":53}},"42":{"start":{"line":83,"column":8},"end":{"line":83,"column":72}},"43":{"start":{"line":84,"column":6},"end":{"line":84,"column":26}},"44":{"start":{"line":89,"column":21},"end":{"line":108,"column":3}},"45":{"start":{"line":90,"column":4},"end":{"line":107,"column":5}},"46":{"start":{"line":91,"column":20},"end":{"line":91,"column":84}},"47":{"start":{"line":93,"column":6},"end":{"line":95,"column":9}},"48":{"start":{"line":97,"column":6},"end":{"line":104,"column":9}},"49":{"start":{"line":98,"column":29},"end":{"line":98,"column":90}},"50":{"start":{"line":98,"column":61},"end":{"line":98,"column":89}},"51":{"start":{"line":99,"column":29},"end":{"line":102,"column":9}},"52":{"start":{"line":100,"column":25},"end":{"line":100,"column":57}},"53":{"start":{"line":103,"column":8},"end":{"line":103,"column":73}},"54":{"start":{"line":106,"column":6},"end":{"line":106,"column":54}},"55":{"start":{"line":109,"column":21},"end":{"line":124,"column":3}},"56":{"start":{"line":110,"column":4},"end":{"line":123,"column":5}},"57":{"start":{"line":111,"column":20},"end":{"line":111,"column":84}},"58":{"start":{"line":112,"column":23},"end":{"line":116,"column":7}},"59":{"start":{"line":117,"column":6},"end":{"line":117,"column":42}},"60":{"start":{"line":118,"column":6},"end":{"line":118,"column":39}},"61":{"start":{"line":119,"column":6},"end":{"line":119,"column":50}},"62":{"start":{"line":122,"column":6},"end":{"line":122,"column":54}},"63":{"start":{"line":127,"column":2},"end":{"line":204,"column":4}},"64":{"start":{"line":133,"column":12},"end":{"line":191,"column":18}},"65":{"start":{"line":141,"column":41},"end":{"line":141,"column":111}},"66":{"start":{"line":142,"column":20},"end":{"line":156,"column":22}},"67":{"start":{"line":182,"column":37},"end":{"line":182,"column":86}},"68":{"start":{"line":185,"column":18},"end":{"line":185,"column":88}},"69":{"start":{"line":190,"column":37},"end":{"line":190,"column":63}},"70":{"start":{"line":207,"column":15},"end":{"line":217,"column":1}}},"fnMap":{"0":{"name":"(anonymous_0)","decl":{"start":{"line":6,"column":17},"end":{"line":6,"column":18}},"loc":{"start":{"line":6,"column":23},"end":{"line":205,"column":1}},"line":6},"1":{"name":"(anonymous_1)","decl":{"start":{"line":14,"column":22},"end":{"line":14,"column":23}},"loc":{"start":{"line":14,"column":34},"end":{"line":44,"column":5}},"line":14},"2":{"name":"(anonymous_2)","decl":{"start":{"line":47,"column":14},"end":{"line":47,"column":15}},"loc":{"start":{"line":47,"column":20},"end":{"line":49,"column":5}},"line":47},"3":{"name":"(anonymous_3)","decl":{"start":{"line":50,"column":27},"end":{"line":50,"column":28}},"loc":{"start":{"line":50,"column":33},"end":{"line":52,"column":5}},"line":50},"4":{"name":"(anonymous_4)","decl":{"start":{"line":54,"column":25},"end":{"line":54,"column":26}},"loc":{"start":{"line":54,"column":56},"end":{"line":86,"column":3}},"line":54},"5":{"name":"(anonymous_5)","decl":{"start":{"line":89,"column":21},"end":{"line":89,"column":22}},"loc":{"start":{"line":89,"column":42},"end":{"line":108,"column":3}},"line":89},"6":{"name":"(anonymous_6)","decl":{"start":{"line":97,"column":14},"end":{"line":97,"column":15}},"loc":{"start":{"line":97,"column":28},"end":{"line":104,"column":7}},"line":97},"7":{"name":"(anonymous_7)","decl":{"start":{"line":98,"column":51},"end":{"line":98,"column":52}},"loc":{"start":{"line":98,"column":61},"end":{"line":98,"column":89}},"line":98},"8":{"name":"(anonymous_8)","decl":{"start":{"line":100,"column":10},"end":{"line":100,"column":11}},"loc":{"start":{"line":100,"column":25},"end":{"line":100,"column":57}},"line":100},"9":{"name":"(anonymous_9)","decl":{"start":{"line":109,"column":21},"end":{"line":109,"column":22}},"loc":{"start":{"line":109,"column":33},"end":{"line":124,"column":3}},"line":109},"10":{"name":"(anonymous_10)","decl":{"start":{"line":132,"column":26},"end":{"line":132,"column":27}},"loc":{"start":{"line":133,"column":12},"end":{"line":191,"column":18}},"line":133},"11":{"name":"(anonymous_11)","decl":{"start":{"line":140,"column":48},"end":{"line":140,"column":49}},"loc":{"start":{"line":140,"column":68},"end":{"line":157,"column":19}},"line":140},"12":{"name":"(anonymous_12)","decl":{"start":{"line":182,"column":31},"end":{"line":182,"column":32}},"loc":{"start":{"line":182,"column":37},"end":{"line":182,"column":86}},"line":182},"13":{"name":"(anonymous_13)","decl":{"start":{"line":184,"column":25},"end":{"line":184,"column":26}},"loc":{"start":{"line":185,"column":18},"end":{"line":185,"column":88}},"line":185},"14":{"name":"(anonymous_14)","decl":{"start":{"line":190,"column":31},"end":{"line":190,"column":32}},"loc":{"start":{"line":190,"column":37},"end":{"line":190,"column":63}},"line":190}},"branchMap":{"0":{"loc":{"start":{"line":7,"column":27},"end":{"line":7,"column":126}},"type":"binary-expr","locations":[{"start":{"line":7,"column":27},"end":{"line":7,"column":60}},{"start":{"line":7,"column":64},"end":{"line":7,"column":126}}],"line":7},"1":{"loc":{"start":{"line":18,"column":22},"end":{"line":18,"column":86}},"type":"binary-expr","locations":[{"start":{"line":18,"column":22},"end":{"line":18,"column":51}},{"start":{"line":18,"column":55},"end":{"line":18,"column":86}}],"line":18},"2":{"loc":{"start":{"line":19,"column":8},"end":{"line":21,"column":9}},"type":"if","locations":[{"start":{"line":19,"column":8},"end":{"line":21,"column":9}},{"start":{},"end":{}}],"line":19},"3":{"loc":{"start":{"line":30,"column":33},"end":{"line":30,"column":73}},"type":"binary-expr","locations":[{"start":{"line":30,"column":33},"end":{"line":30,"column":46}},{"start":{"line":30,"column":50},"end":{"line":30,"column":73}}],"line":30},"4":{"loc":{"start":{"line":36,"column":10},"end":{"line":36,"column":64}},"type":"binary-expr","locations":[{"start":{"line":36,"column":10},"end":{"line":36,"column":37}},{"start":{"line":36,"column":41},"end":{"line":36,"column":64}}],"line":36},"5":{"loc":{"start":{"line":42,"column":6},"end":{"line":42,"column":44}},"type":"if","locations":[{"start":{"line":42,"column":6},"end":{"line":42,"column":44}},{"start":{},"end":{}}],"line":42},"6":{"loc":{"start":{"line":43,"column":6},"end":{"line":43,"column":64}},"type":"if","locations":[{"start":{"line":43,"column":6},"end":{"line":43,"column":64}},{"start":{},"end":{}}],"line":43},"7":{"loc":{"start":{"line":56,"column":20},"end":{"line":56,"column":84}},"type":"binary-expr","locations":[{"start":{"line":56,"column":20},"end":{"line":56,"column":49}},{"start":{"line":56,"column":53},"end":{"line":56,"column":84}}],"line":56},"8":{"loc":{"start":{"line":58,"column":6},"end":{"line":61,"column":7}},"type":"if","locations":[{"start":{"line":58,"column":6},"end":{"line":61,"column":7}},{"start":{},"end":{}}],"line":58},"9":{"loc":{"start":{"line":75,"column":6},"end":{"line":79,"column":7}},"type":"if","locations":[{"start":{"line":75,"column":6},"end":{"line":79,"column":7}},{"start":{"line":77,"column":13},"end":{"line":79,"column":7}}],"line":75},"10":{"loc":{"start":{"line":83,"column":8},"end":{"line":83,"column":72}},"type":"binary-expr","locations":[{"start":{"line":83,"column":8},"end":{"line":83,"column":35}},{"start":{"line":83,"column":39},"end":{"line":83,"column":72}}],"line":83},"11":{"loc":{"start":{"line":91,"column":20},"end":{"line":91,"column":84}},"type":"binary-expr","locations":[{"start":{"line":91,"column":20},"end":{"line":91,"column":49}},{"start":{"line":91,"column":53},"end":{"line":91,"column":84}}],"line":91},"12":{"loc":{"start":{"line":111,"column":20},"end":{"line":111,"column":84}},"type":"binary-expr","locations":[{"start":{"line":111,"column":20},"end":{"line":111,"column":49}},{"start":{"line":111,"column":53},"end":{"line":111,"column":84}}],"line":111},"13":{"loc":{"start":{"line":130,"column":7},"end":{"line":202,"column":7}},"type":"cond-expr","locations":[{"start":{"line":131,"column":8},"end":{"line":199,"column":15}},{"start":{"line":201,"column":8},"end":{"line":201,"column":34}}],"line":130},"14":{"loc":{"start":{"line":130,"column":7},"end":{"line":130,"column":36}},"type":"binary-expr","locations":[{"start":{"line":130,"column":7},"end":{"line":130,"column":11}},{"start":{"line":130,"column":15},"end":{"line":130,"column":36}}],"line":130},"15":{"loc":{"start":{"line":139,"column":18},"end":{"line":169,"column":17}},"type":"cond-expr","locations":[{"start":{"line":140,"column":18},"end":{"line":157,"column":20}},{"start":{"line":159,"column":18},"end":{"line":168,"column":20}}],"line":139},"16":{"loc":{"start":{"line":139,"column":18},"end":{"line":139,"column":74}},"type":"binary-expr","locations":[{"start":{"line":139,"column":18},"end":{"line":139,"column":46}},{"start":{"line":139,"column":50},"end":{"line":139,"column":74}}],"line":139},"17":{"loc":{"start":{"line":141,"column":41},"end":{"line":141,"column":111}},"type":"cond-expr","locations":[{"start":{"line":141,"column":71},"end":{"line":141,"column":101}},{"start":{"line":141,"column":104},"end":{"line":141,"column":111}}],"line":141},"18":{"loc":{"start":{"line":185,"column":18},"end":{"line":185,"column":88}},"type":"binary-expr","locations":[{"start":{"line":185,"column":18},"end":{"line":185,"column":35}},{"start":{"line":185,"column":39},"end":{"lin
[...]
,"/workspaces/frontend/src/redux/authSlice.js": {"path":"/workspaces/frontend/src/redux/authSlice.js","statementMap":{"0":{"start":{"line":3,"column":21},"end":{"line":7,"column":1}},"1":{"start":{"line":9,"column":18},"end":{"line":31,"column":2}},"2":{"start":{"line":14,"column":30},"end":{"line":14,"column":44}},"3":{"start":{"line":15,"column":6},"end":{"line":15,"column":24}},"4":{"start":{"line":16,"column":6},"end":{"line":16,"column":26}},"5":{"start":{"line":17,"column":6},"end":{"line":17,"column":35}},"6":{"start":{"line":20,"column":30},"end":{"line":20,"column":44}},"7":{"start":{"line":21,"column":6},"end":{"line":21,"column":38}},"8":{"start":{"line":22,"column":6},"end":{"line":22,"column":41}},"9":{"start":{"line":23,"column":6},"end":{"line":23,"column":44}},"10":{"start":{"line":26,"column":6},"end":{"line":26,"column":24}},"11":{"start":{"line":27,"column":6},"end":{"line":27,"column":25}},"12":{"start":{"line":28,"column":6},"end":{"line":28,"column":36}},"13":{"start":{"line":33,"column":42},"end":{"line":33,"column":59}}},"fnMap":{"0":{"name":"(anonymous_0)","decl":{"start":{"line":13,"column":4},"end":{"line":13,"column":5}},"loc":{"start":{"line":13,"column":25},"end":{"line":18,"column":5}},"line":13},"1":{"name":"(anonymous_1)","decl":{"start":{"line":19,"column":4},"end":{"line":19,"column":5}},"loc":{"start":{"line":19,"column":27},"end":{"line":24,"column":5}},"line":19},"2":{"name":"(anonymous_2)","decl":{"start":{"line":25,"column":4},"end":{"line":25,"column":5}},"loc":{"start":{"line":25,"column":18},"end":{"line":29,"column":5}},"line":25}},"branchMap":{"0":{"loc":{"start":{"line":21,"column":19},"end":{"line":21,"column":37}},"type":"binary-expr","locations":[{"start":{"line":21,"column":19},"end":{"line":21,"column":23}},{"start":{"line":21,"column":27},"end":{"line":21,"column":37}}],"line":21},"1":{"loc":{"start":{"line":22,"column":20},"end":{"line":22,"column":40}},"type":"binary-expr","locations":[{"start":{"line":22,"column":20},"end":{"line":22,"column":25}},{"start":{"line":22,"column":29},"end":{"line":22,"column":40}}],"line":22}},"s":{"0":0,"1":0,"2":0,"3":0,"4":0,"5":0,"6":0,"7":0,"8":0,"9":0,"10":0,"11":0,"12":0,"13":0},"f":{"0":0,"1":0,"2":0},"b":{"0":[0,0],"1":[0,0]}}
,"/workspaces/frontend/src/redux/cartSlice.js": {"path":"/workspaces/frontend/src/redux/cartSlice.js","statementMap":{"0":{"start":{"line":5,"column":25},"end":{"line":12,"column":2}},"1":{"start":{"line":6,"column":2},"end":{"line":11,"column":3}},"2":{"start":{"line":7,"column":21},"end":{"line":7,"column":48}},"3":{"start":{"line":8,"column":4},"end":{"line":8,"column":25}},"4":{"start":{"line":10,"column":4},"end":{"line":10,"column":57}},"5":{"start":{"line":15,"column":25},"end":{"line":29,"column":2}},"6":{"start":{"line":16,"column":2},"end":{"line":28,"column":3}},"7":{"start":{"line":18,"column":21},"end":{"line":20,"column":8}},"8":{"start":{"line":23,"column":4},"end":{"line":23,"column":47}},"9":{"start":{"line":25,"column":4},"end":{"line":25,"column":25}},"10":{"start":{"line":27,"column":4},"end":{"line":27,"column":57}},"11":{"start":{"line":32,"column":30},"end":{"line":39,"column":2}},"12":{"start":{"line":33,"column":2},"end":{"line":38,"column":3}},"13":{"start":{"line":34,"column":4},"end":{"line":34,"column":41}},"14":{"start":{"line":35,"column":4},"end":{"line":35,"column":14}},"15":{"start":{"line":37,"column":4},"end":{"line":37,"column":57}},"16":{"start":{"line":42,"column":30},"end":{"line":49,"column":2}},"17":{"start":{"line":43,"column":2},"end":{"line":48,"column":3}},"18":{"start":{"line":44,"column":21},"end":{"line":44,"column":77}},"19":{"start":{"line":45,"column":4},"end":{"line":45,"column":25}},"20":{"start":{"line":47,"column":4},"end":{"line":47,"column":57}},"21":{"start":{"line":51,"column":18},"end":{"line":127,"column":2}},"22":{"start":{"line":61,"column":4},"end":{"line":125,"column":9}},"23":{"start":{"line":64,"column":8},"end":{"line":64,"column":29}},"24":{"start":{"line":65,"column":8},"end":{"line":65,"column":27}},"25":{"start":{"line":68,"column":8},"end":{"line":68,"column":30}},"26":{"start":{"line":69,"column":8},"end":{"line":69,"column":43}},"27":{"start":{"line":70,"column":8},"end":{"line":70,"column":50}},"28":{"start":{"line":71,"column":8},"end":{"line":71,"column":48}},"29":{"start":{"line":72,"column":8},"end":{"line":72,"column":61}},"30":{"start":{"line":75,"column":8},"end":{"line":75,"column":30}},"31":{"start":{"line":76,"column":8},"end":{"line":76,"column":37}},"32":{"start":{"line":80,"column":22},"end":{"line":80,"column":48}},"33":{"start":{"line":81,"column":8},"end":{"line":81,"column":42}},"34":{"start":{"line":82,"column":8},"end":{"line":86,"column":9}},"35":{"start":{"line":83,"column":10},"end":{"line":83,"column":62}},"36":{"start":{"line":84,"column":10},"end":{"line":84,"column":44}},"37":{"start":{"line":85,"column":10},"end":{"line":85,"column":17}},"38":{"start":{"line":88,"column":21},"end":{"line":88,"column":29}},"39":{"start":{"line":89,"column":8},"end":{"line":89,"column":41}},"40":{"start":{"line":90,"column":29},"end":{"line":90,"column":88}},"41":{"start":{"line":90,"column":53},"end":{"line":90,"column":87}},"42":{"start":{"line":92,"column":8},"end":{"line":96,"column":9}},"43":{"start":{"line":93,"column":10},"end":{"line":93,"column":49}},"44":{"start":{"line":95,"column":10},"end":{"line":95,"column":33}},"45":{"start":{"line":98,"column":8},"end":{"line":98,"column":92}},"46":{"start":{"line":98,"column":53},"end":{"line":98,"column":87}},"47":{"start":{"line":99,"column":8},"end":{"line":99,"column":48}},"48":{"start":{"line":102,"column":8},"end":{"line":102,"column":37}},"49":{"start":{"line":106,"column":8},"end":{"line":106,"column":88}},"50":{"start":{"line":106,"column":51},"end":{"line":106,"column":86}},"51":{"start":{"line":107,"column":8},"end":{"line":107,"column":92}},"52":{"start":{"line":107,"column":53},"end":{"line":107,"column":87}},"53":{"start":{"line":108,"column":8},"end":{"line":108,"column":66}},"54":{"start":{"line":111,"column":8},"end":{"line":111,"column":37}},"55":{"start":{"line":114,"column":28},"end":{"line":114,"column":42}},"56":{"start":{"line":115,"column":22},"end":{"line":117,"column":9}},"57":{"start":{"line":116,"column":20},"end":{"line":116,"column":64}},"58":{"start":{"line":118,"column":8},"end":{"line":120,"column":9}},"59":{"start":{"line":119,"column":10},"end":{"line":119,"column":61}},"60":{"start":{"line":121,"column":8},"end":{"line":124,"column":10}},"61":{"start":{"line":122,"column":25},"end":{"line":122,"column":65}}},"fnMap":{"0":{"name":"(anonymous_0)","decl":{"start":{"line":5,"column":65},"end":{"line":5,"column":66}},"loc":{"start":{"line":5,"column":88},"end":{"line":12,"column":1}},"line":5},"1":{"name":"(anonymous_1)","decl":{"start":{"line":15,"column":66},"end":{"line":15,"column":67}},"loc":{"start":{"line":15,"column":111},"end":{"line":29,"column":1}},"line":15},"2":{"name":"(anonymous_2)","decl":{"start":{"line":32,"column":70},"end":{"line":32,"column":71}},"loc":{"start":{"line":32,"column":94},"end":{"line":39,"column":1}},"line":32},"3":{"name":"(anonymous_3)","decl":{"start":{"line":42,"column":70},"end":{"line":42,"column":71}},"loc":{"start":{"line":42,"column":115},"end":{"line":49,"column":1}},"line":42},"4":{"name":"(anonymous_4)","decl":{"start":{"line":60,"column":17},"end":{"line":60,"column":18}},"loc":{"start":{"line":60,"column":30},"end":{"line":126,"column":3}},"line":60},"5":{"name":"(anonymous_5)","decl":{"start":{"line":63,"column":34},"end":{"line":63,"column":35}},"loc":{"start":{"line":63,"column":45},"end":{"line":66,"column":7}},"line":63},"6":{"name":"(anonymous_6)","decl":{"start":{"line":67,"column":36},"end":{"line":67,"column":37}},"loc":{"start":{"line":67,"column":55},"end":{"line":73,"column":7}},"line":67},"7":{"name":"(anonymous_7)","decl":{"start":{"line":74,"column":35},"end":{"line":74,"column":36}},"loc":{"start":{"line":74,"column":54},"end":{"line":77,"column":7}},"line":74},"8":{"name":"(anonymous_8)","decl":{"start":{"line":79,"column":36},"end":{"line":79,"column":37}},"loc":{"start":{"line":79,"column":55},"end":{"line":100,"column":7}},"line":79},"9":{"name":"(anonymous_9)","decl":{"start":{"line":90,"column":46},"end":{"line":90,"column":47}},"loc":{"start":{"line":90,"column":53},"end":{"line":90,"column":87}},"line":90},"10":{"name":"(anonymous_10)","decl":{"start":{"line":98,"column":41},"end":{"line":98,"column":42}},"loc":{"start":{"line":98,"column":53},"end":{"line":98,"column":87}},"line":98},"11":{"name":"(anonymous_11)","decl":{"start":{"line":101,"column":35},"end":{"line":101,"column":36}},"loc":{"start":{"line":101,"column":54},"end":{"line":103,"column":7}},"line":101},"12":{"name":"(anonymous_12)","decl":{"start":{"line":105,"column":41},"end":{"line":105,"column":42}},"loc":{"start":{"line":105,"column":60},"end":{"line":109,"column":7}},"line":105},"13":{"name":"(anonymous_13)","decl":{"start":{"line":106,"column":41},"end":{"line":106,"column":42}},"loc":{"start":{"line":106,"column":51},"end":{"line":106,"column":86}},"line":106},"14":{"name":"(anonymous_14)","decl":{"start":{"line":107,"column":41},"end":{"line":107,"column":42}},"loc":{"start":{"line":107,"column":53},"end":{"line":107,"column":87}},"line":107},"15":{"name":"(anonymous_15)","decl":{"start":{"line":110,"column":40},"end":{"line":110,"column":41}},"loc":{"start":{"line":110,"column":59},"end":{"line":112,"column":7}},"line":110},"16":{"name":"(anonymous_16)","decl":{"start":{"line":113,"column":41},"end":{"line":113,"column":42}},"loc":{"start":{"line":113,"column":60},"end":{"line":125,"column":7}},"line":113},"17":{"name":"(anonymous_17)","decl":{"start":{"line":116,"column":10},"end":{"line":116,"column":11}},"loc":{"start":{"line":116,"column":20},"end":{"line":116,"column":64}},"line":116},"18":{"name":"(anonymous_18)","decl":{"start":{"line":122,"column":10},"end":{"line":122,"column":11}},"loc":{"start":{"line":122,"column":25},"end":{"line":122,"column":65}},"line":122}},"branchMap":{"0":{"loc":{"start":{"line":80,"column":22},"end":{"line":80,"column":48}},"type":"binary-expr","locations":[{"start":{"line":80,"column":22},"end":{"line":80,"column":42}},{"start":{"line":80,"column":46},"end":{"line":80,"column":48}}],"line":80},"1":{"loc":{"start":{"line":82,"column":8},"end":{"line":86,"column":9}},"type":"if","locations":[{"start":{"line":82,"column":8},"end":{"line":86,"column":9}},{"start":{},"end":{}}],"line":82},"2":{"loc":{"start":{"line":92,"column":8},"end":{"line":96,"column":9}},"type":"if","locations":[{"start":{"line":92,"column":8},"end":{"line":96,"column":9}},{"start":{"line":94,"column":15},"end":{"line":96,"column":9}}],"line":92},"3":{"loc":{"start":{"line":118,"column":8},"end":{"line":120,"column":9}},"type":"if","locations":[{"start":{"line":118,"column":8},"end":{"line":120,"column":9}},{"start":{},"end":{}}],"line":118}},"s":{"0":0,"1":0,"2":0,"3":0,"4":0,"5":0,"6":0,"7":0,"8":0,"9":0,"10":0,"11":0,"12":0,"13":0,"14":0,"15":0,"16":0,"17":0,"18":0,"19":0,"20":0,"21":0,"22":0,"23":0,"24":0,"25":0,"26":0,"27":0,"28":0,"29":0,"30":0,"31":0,"32":0,"33":0,"34":0,"35":0,"36":0,"37":0,"38":0,"39":0,"40":0,"41":0,"42":0,"43":0,"44":0,"45":0,"46":0,"47":0,"48":0,"49":0,"50":0,"51":0,"52":0,"53":0,"54":0,"55":0,"56":0,"57":0,"58":0,"59":0,"60":0,"61":0},"f":{"0":0,"1":0,"2":0,"3":0,"4":0,"5":0,"6":0,"7":0,"8":0,"9":0,"10":0,"11":0,"12":0,"13":0,"14":0,"15":0,"16":0,"17":0,"18":0},"b":{"0":[0,0],"1":[0,0],"2":[0,0],"3":[0,0]}}
,"/workspaces/frontend/src/redux/orderSlice_check.js": {"path":"/workspaces/frontend/src/redux/orderSlice_check.js","statementMap":{"0":{"start":{"line":4,"column":19},"end":{"line":12,"column":2}},"1":{"start":{"line":9,"column":6},"end":{"line":9,"column":34}},"2":{"start":{"line":14,"column":29},"end":{"line":14,"column":47}},"3":{"start":{"line":16,"column":27},"end":{"line":23,"column":1}},"4":{"start":{"line":16,"column":33},"end":{"line":23,"column":1}},"5":{"start":{"line":17,"column":2},"end":{"line":22,"column":3}},"6":{"start":{"line":18,"column":21},"end":{"line":18,"column":45}},"7":{"start":{"line":19,"column":4},"end":{"line":19,"column":39}},"8":{"start":{"line":21,"column":4},"end":{"line":21,"column":52}}},"fnMap":{"0":{"name":"(anonymous_0)","decl":{"start":{"line":8,"column":4},"end":{"line":8,"column":5}},"loc":{"start":{"line":8,"column":29},"end":{"line":10,"column":5}},"line":8},"1":{"name":"(anonymous_1)","decl":{"start":{"line":16,"column":27},"end":{"line":16,"column":28}},"loc":{"start":{"line":16,"column":33},"end":{"line":23,"column":1}},"line":16},"2":{"name":"(anonymous_2)","decl":{"start":{"line":16,"column":33},"end":{"line":16,"column":34}},"loc":{"start":{"line":16,"column":53},"end":{"line":23,"column":1}},"line":16}},"branchMap":{},"s":{"0":0,"1":0,"2":0,"3":0,"4":0,"5":0,"6":0,"7":0,"8":0},"f":{"0":0,"1":0,"2":0},"b":{}}
,"/workspaces/frontend/src/redux/productSlice.js": {"path":"/workspaces/frontend/src/redux/productSlice.js","statementMap":{"0":{"start":{"line":4,"column":29},"end":{"line":7,"column":2}},"1":{"start":{"line":5,"column":21},"end":{"line":5,"column":53}},"2":{"start":{"line":6,"column":4},"end":{"line":6,"column":25}},"3":{"start":{"line":9,"column":21},"end":{"line":31,"column":2}},"4":{"start":{"line":18,"column":8},"end":{"line":29,"column":15}},"5":{"start":{"line":20,"column":16},"end":{"line":20,"column":41}},"6":{"start":{"line":23,"column":16},"end":{"line":23,"column":43}},"7":{"start":{"line":24,"column":16},"end":{"line":24,"column":45}},"8":{"start":{"line":27,"column":16},"end":{"line":27,"column":40}},"9":{"start":{"line":28,"column":16},"end":{"line":28,"column":51}}},"fnMap":{"0":{"name":"(anonymous_0)","decl":{"start":{"line":4,"column":72},"end":{"line":4,"column":73}},"loc":{"start":{"line":4,"column":84},"end":{"line":7,"column":1}},"line":4},"1":{"name":"(anonymous_1)","decl":{"start":{"line":17,"column":19},"end":{"line":17,"column":20}},"loc":{"start":{"line":17,"column":32},"end":{"line":30,"column":5}},"line":17},"2":{"name":"(anonymous_2)","decl":{"start":{"line":19,"column":44},"end":{"line":19,"column":45}},"loc":{"start":{"line":19,"column":55},"end":{"line":21,"column":13}},"line":19},"3":{"name":"(anonymous_3)","decl":{"start":{"line":22,"column":46},"end":{"line":22,"column":47}},"loc":{"start":{"line":22,"column":65},"end":{"line":25,"column":13}},"line":22},"4":{"name":"(anonymous_4)","decl":{"start":{"line":26,"column":45},"end":{"line":26,"column":46}},"loc":{"start":{"line":26,"column":64},"end":{"line":29,"column":13}},"line":26}},"branchMap":{},"s":{"0":0,"1":0,"2":0,"3":0,"4":0,"5":0,"6":0,"7":0,"8":0,"9":0},"f":{"0":0,"1":0,"2":0,"3":0,"4":0},"b":{}}
,"/workspaces/frontend/src/redux/store.js": {"path":"/workspaces/frontend/src/redux/store.js","statementMap":{"0":{"start":{"line":7,"column":14},"end":{"line":13,"column":2}}},"fnMap":{},"branchMap":{},"s":{"0":0},"f":{},"b":{}}
,"/workspaces/frontend/src/services/api.js": {"path":"/workspaces/frontend/src/services/api.js","statementMap":{"0":{"start":{"line":3,"column":12},"end":{"line":5,"column":2}},"1":{"start":{"line":7,"column":0},"end":{"line":14,"column":3}},"2":{"start":{"line":8,"column":16},"end":{"line":8,"column":45}},"3":{"start":{"line":9,"column":2},"end":{"line":11,"column":3}},"4":{"start":{"line":10,"column":4},"end":{"line":10,"column":53}},"5":{"start":{"line":12,"column":2},"end":{"line":12,"column":34}},"6":{"start":{"line":13,"column":2},"end":{"line":13,"column":16}}},"fnMap":{"0":{"name":"(anonymous_0)","decl":{"start":{"line":7,"column":29},"end":{"line":7,"column":30}},"loc":{"start":{"line":7,"column":41},"end":{"line":14,"column":1}},"line":7}},"branchMap":{"0":{"loc":{"start":{"line":4,"column":11},"end":{"line":4,"column":114}},"type":"binary-expr","locations":[{"start":{"line":4,"column":11},"end":{"line":4,"column":44}},{"start":{"line":4,"column":48},"end":{"line":4,"column":114}}],"line":4},"1":{"loc":{"start":{"line":9,"column":2},"end":{"line":11,"column":3}},"type":"if","locations":[{"start":{"line":9,"column":2},"end":{"line":11,"column":3}},{"start":{},"end":{}}],"line":9}},"s":{"0":0,"1":0,"2":0,"3":0,"4":0,"5":0,"6":0},"f":{"0":0},"b":{"0":[0,0],"1":[0,0]}}
,"/workspaces/frontend/src/utils/api.js": {"path":"/workspaces/frontend/src/utils/api.js","statementMap":{"0":{"start":{"line":3,"column":12},"end":{"line":5,"column":2}},"1":{"start":{"line":7,"column":28},"end":{"line":13,"column":1}},"2":{"start":{"line":8,"column":2},"end":{"line":12,"column":3}},"3":{"start":{"line":9,"column":4},"end":{"line":9,"column":69}},"4":{"start":{"line":11,"column":4},"end":{"line":11,"column":56}}},"fnMap":{"0":{"name":"(anonymous_0)","decl":{"start":{"line":7,"column":28},"end":{"line":7,"column":29}},"loc":{"start":{"line":7,"column":39},"end":{"line":13,"column":1}},"line":7}},"branchMap":{"0":{"loc":{"start":{"line":4,"column":11},"end":{"line":4,"column":114}},"type":"binary-expr","locations":[{"start":{"line":4,"column":11},"end":{"line":4,"column":44}},{"start":{"line":4,"column":48},"end":{"line":4,"column":114}}],"line":4},"1":{"loc":{"start":{"line":8,"column":2},"end":{"line":12,"column":3}},"type":"if","locations":[{"start":{"line":8,"column":2},"end":{"line":12,"column":3}},{"start":{"line":10,"column":9},"end":{"line":12,"column":3}}],"line":8}},"s":{"0":0,"1":0,"2":0,"3":0,"4":0},"f":{"0":0},"b":{"0":[0,0],"1":[0,0]}}
,"/workspaces/frontend/src/utils/apiConfig.js": {"path":"/workspaces/frontend/src/utils/apiConfig.js","statementMap":{"0":{"start":{"line":1,"column":21},"end":{"line":1,"column":124}},"1":{"start":{"line":3,"column":25},"end":{"line":9,"column":1}},"2":{"start":{"line":7,"column":23},"end":{"line":7,"column":55}}},"fnMap":{"0":{"name":"(anonymous_0)","decl":{"start":{"line":7,"column":15},"end":{"line":7,"column":16}},"loc":{"start":{"line":7,"column":23},"end":{"line":7,"column":55}},"line":7}},"branchMap":{"0":{"loc":{"start":{"line":1,"column":21},"end":{"line":1,"column":124}},"type":"binary-expr","locations":[{"start":{"line":1,"column":21},"end":{"line":1,"column":54}},{"start":{"line":1,"column":58},"end":{"line":1,"column":124}}],"line":1}},"s":{"0":0,"1":0,"2":0},"f":{"0":0},"b":{"0":[0,0]}}
}
