TN:
SF:src/App.js
FN:22,App
FNF:1
FNH:0
FNDA:0,App
DA:20,0
DA:21,0
DA:23,0
LF:3
LH:0
BRF:0
BRH:0
end_of_record
TN:
SF:src/index.js
FNF:0
FNH:0
DA:30,0
LF:1
LH:0
BRF:0
BRH:0
end_of_record
TN:
SF:src/reportWebVitals.js
FN:1,(anonymous_0)
FN:3,(anonymous_1)
FNF:2
FNH:0
FNDA:0,(anonymous_0)
FNDA:0,(anonymous_1)
DA:1,0
DA:2,0
DA:3,0
DA:4,0
DA:5,0
DA:6,0
DA:7,0
DA:8,0
LF:8
LH:0
BRDA:2,0,0,0
BRDA:2,0,1,0
BRDA:2,1,0,0
BRDA:2,1,1,0
BRF:4
BRH:0
end_of_record
TN:
SF:src/components/CartItem.js
FN:3,(anonymous_0)
FN:7,(anonymous_1)
FN:37,(anonymous_2)
FNF:3
FNH:0
FNDA:0,(anonymous_0)
FNDA:0,(anonymous_1)
FNDA:0,(anonymous_2)
DA:3,0
DA:4,0
DA:5,0
DA:7,0
DA:8,0
DA:9,0
DA:10,0
DA:13,0
DA:37,0
LF:9
LH:0
BRDA:8,0,0,0
BRDA:8,0,1,0
BRDA:17,1,0,0
BRDA:17,1,1,0
BRF:4
BRH:0
end_of_record
TN:
SF:src/components/Checkout.js
FN:4,(anonymous_0)
FN:5,(anonymous_1)
FN:7,(anonymous_2)
FN:11,(anonymous_3)
FN:16,(anonymous_4)
FNF:5
FNH:0
FNDA:0,(anonymous_0)
FNDA:0,(anonymous_1)
FNDA:0,(anonymous_2)
FNDA:0,(anonymous_3)
FNDA:0,(anonymous_4)
DA:4,0
DA:5,0
DA:6,0
DA:8,0
DA:9,0
DA:12,0
DA:13,0
DA:14,0
DA:17,0
DA:18,0
DA:23,0
LF:11
LH:0
BRF:0
BRH:0
end_of_record
TN:
SF:src/components/Footer.js
FN:4,(anonymous_0)
FNF:1
FNH:0
FNDA:0,(anonymous_0)
DA:4,0
DA:5,0
LF:2
LH:0
BRF:0
BRH:0
end_of_record
TN:
SF:src/components/Navbar.js
FN:7,(anonymous_0)
FN:8,(anonymous_1)
FN:13,(anonymous_2)
FN:20,(anonymous_3)
FN:27,(anonymous_4)
FN:27,(anonymous_5)
FNF:6
FNH:0
FNDA:0,(anonymous_0)
FNDA:0,(anonymous_1)
FNDA:0,(anonymous_2)
FNDA:0,(anonymous_3)
FNDA:0,(anonymous_4)
FNDA:0,(anonymous_5)
DA:7,0
DA:8,0
DA:9,0
DA:10,0
DA:11,0
DA:12,0
DA:13,0
DA:14,0
DA:15,0
DA:16,0
DA:20,0
DA:21,0
DA:22,0
DA:23,0
DA:24,0
DA:27,0
DA:29,0
LF:17
LH:0
BRDA:14,0,0,0
BRDA:14,0,1,0
BRDA:15,1,0,0
BRDA:15,1,1,0
BRDA:36,2,0,0
BRDA:36,2,1,0
BRDA:42,3,0,0
BRDA:42,3,1,0
BRDA:48,4,0,0
BRDA:48,4,1,0
BRDA:64,5,0,0
BRDA:64,5,1,0
BRDA:67,6,0,0
BRDA:67,6,1,0
BRDA:67,6,2,0
BRDA:69,7,0,0
BRDA:69,7,1,0
BRDA:72,8,0,0
BRDA:72,8,1,0
BRDA:98,9,0,0
BRDA:98,9,1,0
BRDA:103,10,0,0
BRDA:103,10,1,0
BRDA:108,11,0,0
BRDA:108,11,1,0
BRDA:113,12,0,0
BRDA:113,12,1,0
BRDA:126,13,0,0
BRDA:126,13,1,0
BRF:29
BRH:0
end_of_record
TN:
SF:src/components/OrderCard.js
FN:3,(anonymous_0)
FNF:1
FNH:0
FNDA:0,(anonymous_0)
DA:3,0
DA:4,0
DA:6,0
LF:3
LH:0
BRF:0
BRH:0
end_of_record
TN:
SF:src/components/OrderDetailsModal.js
FN:3,(anonymous_0)
FN:14,(anonymous_1)
FNF:2
FNH:0
FNDA:0,(anonymous_0)
FNDA:0,(anonymous_1)
DA:3,0
DA:4,0
DA:6,0
DA:15,0
LF:4
LH:0
BRDA:4,0,0,0
BRDA:4,0,1,0
BRF:2
BRH:0
end_of_record
TN:
SF:src/components/OrderSummary.js
FN:3,(anonymous_0)
FN:7,(anonymous_1)
FNF:2
FNH:0
FNDA:0,(anonymous_0)
FNDA:0,(anonymous_1)
DA:3,0
DA:4,0
DA:8,0
LF:3
LH:0
BRF:0
BRH:0
end_of_record
TN:
SF:src/components/PayPalButton.js
FN:4,(anonymous_0)
FN:17,(anonymous_1)
FN:28,(anonymous_2)
FN:29,(anonymous_3)
FN:38,(anonymous_4)
FNF:5
FNH:0
FNDA:0,(anonymous_0)
FNDA:0,(anonymous_1)
FNDA:0,(anonymous_2)
FNDA:0,(anonymous_3)
FNDA:0,(anonymous_4)
DA:4,0
DA:5,0
DA:10,0
DA:18,0
DA:29,0
DA:30,0
DA:35,0
DA:39,0
DA:40,0
LF:9
LH:0
BRF:0
BRH:0
end_of_record
TN:
SF:src/components/PaymentForm.js
FN:3,(anonymous_0)
FN:10,(anonymous_1)
FN:15,(anonymous_2)
FNF:3
FNH:0
FNDA:0,(anonymous_0)
FNDA:0,(anonymous_1)
FNDA:0,(anonymous_2)
DA:3,0
DA:4,0
DA:10,0
DA:11,0
DA:12,0
DA:15,0
DA:16,0
DA:17,0
DA:20,0
LF:9
LH:0
BRF:0
BRH:0
end_of_record
TN:
SF:src/components/ProductCard.js
FN:9,(anonymous_0)
FN:13,(anonymous_1)
FN:28,(anonymous_2)
FN:53,(anonymous_3)
FN:64,(anonymous_4)
FNF:5
FNH:4
FNDA:5,(anonymous_0)
FNDA:3,(anonymous_1)
FNDA:3,(anonymous_2)
FNDA:0,(anonymous_3)
FNDA:5,(anonymous_4)
DA:9,1
DA:10,5
DA:11,5
DA:13,5
DA:14,3
DA:15,3
DA:16,2
DA:17,2
DA:19,2
DA:20,2
DA:21,2
DA:24,1
DA:28,5
DA:29,3
DA:30,3
DA:32,3
DA:33,0
DA:35,3
DA:36,3
DA:42,2
DA:44,2
DA:46,1
DA:47,1
DA:51,5
DA:53,5
DA:55,0
DA:57,0
DA:60,5
DA:66,5
DA:67,5
DA:69,5
DA:83,0
LF:32
LH:28
BRDA:10,0,0,5
BRDA:10,0,1,0
BRDA:11,1,0,5
BRDA:11,1,1,0
BRDA:19,2,0,2
BRDA:19,2,1,0
BRDA:30,3,0,3
BRDA:30,3,1,0
BRDA:32,4,0,0
BRDA:32,4,1,3
BRDA:46,5,0,1
BRDA:46,5,1,0
BRDA:47,6,0,1
BRDA:47,6,1,0
BRDA:63,7,0,5
BRDA:63,7,1,0
BRDA:63,8,0,5
BRDA:63,8,1,5
BRDA:66,9,0,0
BRDA:66,9,1,5
BRDA:67,10,0,5
BRDA:67,10,1,0
BRDA:91,11,0,5
BRDA:91,11,1,1
BRF:24
BRH:14
end_of_record
TN:
SF:src/components/ProductForm.js
FN:47,(anonymous_0)
FN:54,(anonymous_1)
FN:64,(anonymous_2)
FN:68,(anonymous_3)
FN:85,(anonymous_4)
FN:93,(anonymous_5)
FN:100,(anonymous_6)
FN:107,(anonymous_7)
FNF:8
FNH:0
FNDA:0,(anonymous_0)
FNDA:0,(anonymous_1)
FNDA:0,(anonymous_2)
FNDA:0,(anonymous_3)
FNDA:0,(anonymous_4)
FNDA:0,(anonymous_5)
FNDA:0,(anonymous_6)
FNDA:0,(anonymous_7)
DA:3,0
DA:15,0
DA:22,0
DA:30,0
DA:37,0
DA:47,0
DA:48,0
DA:49,0
DA:50,0
DA:51,0
DA:52,0
DA:54,0
DA:55,0
DA:56,0
DA:57,0
DA:58,0
DA:59,0
DA:60,0
DA:64,0
DA:65,0
DA:68,0
DA:69,0
DA:70,0
DA:71,0
DA:72,0
DA:73,0
DA:74,0
DA:75,0
DA:76,0
DA:79,0
DA:85,0
DA:93,0
DA:100,0
DA:107,0
LF:34
LH:0
BRDA:55,0,0,0
BRDA:55,0,1,0
BRDA:55,1,0,0
BRDA:55,1,1,0
BRDA:60,2,0,0
BRDA:60,2,1,0
BRDA:81,3,0,0
BRDA:81,3,1,0
BRDA:120,4,0,0
BRDA:120,4,1,0
BRDA:129,5,0,0
BRDA:129,5,1,0
BRDA:130,6,0,0
BRDA:130,6,1,0
BRF:14
BRH:0
end_of_record
TN:
SF:src/components/ProductList.js
FN:4,(anonymous_0)
FN:10,(anonymous_1)
FN:15,(anonymous_2)
FN:18,(anonymous_3)
FNF:4
FNH:0
FNDA:0,(anonymous_0)
FNDA:0,(anonymous_1)
FNDA:0,(anonymous_2)
FNDA:0,(anonymous_3)
DA:4,0
DA:5,0
DA:11,0
DA:15,0
DA:18,0
LF:5
LH:0
BRDA:7,0,0,0
BRDA:7,0,1,0
BRF:2
BRH:0
end_of_record
TN:
SF:src/components/ProductTable.js
FN:4,(anonymous_0)
FN:11,(anonymous_1)
FN:35,(anonymous_2)
FN:41,(anonymous_3)
FN:55,(anonymous_4)
FN:63,(anonymous_5)
FN:71,(anonymous_6)
FNF:7
FNH:0
FNDA:0,(anonymous_0)
FNDA:0,(anonymous_1)
FNDA:0,(anonymous_2)
FNDA:0,(anonymous_3)
FNDA:0,(anonymous_4)
FNDA:0,(anonymous_5)
FNDA:0,(anonymous_6)
DA:4,0
DA:5,0
DA:11,0
DA:12,0
DA:13,0
DA:14,0
DA:15,0
DA:16,0
DA:17,0
DA:19,0
DA:23,0
DA:36,0
DA:41,0
DA:56,0
DA:64,0
DA:72,0
LF:16
LH:0
BRF:0
BRH:0
end_of_record
TN:
SF:src/components/ProfilePage.js
FN:5,(anonymous_0)
FN:13,(anonymous_1)
FN:14,(anonymous_2)
FN:35,(anonymous_3)
FN:52,(anonymous_4)
FN:69,(anonymous_5)
FN:81,(anonymous_6)
FN:86,(anonymous_7)
FN:127,(anonymous_8)
FN:137,(anonymous_9)
FN:154,(anonymous_10)
FN:160,(anonymous_11)
FNF:12
FNH:0
FNDA:0,(anonymous_0)
FNDA:0,(anonymous_1)
FNDA:0,(anonymous_2)
FNDA:0,(anonymous_3)
FNDA:0,(anonymous_4)
FNDA:0,(anonymous_5)
FNDA:0,(anonymous_6)
FNDA:0,(anonymous_7)
FNDA:0,(anonymous_8)
FNDA:0,(anonymous_9)
FNDA:0,(anonymous_10)
FNDA:0,(anonymous_11)
DA:5,0
DA:6,0
DA:7,0
DA:8,0
DA:9,0
DA:10,0
DA:11,0
DA:13,0
DA:14,0
DA:15,0
DA:16,0
DA:17,0
DA:18,0
DA:23,0
DA:24,0
DA:26,0
DA:28,0
DA:32,0
DA:35,0
DA:36,0
DA:37,0
DA:38,0
DA:39,0
DA:44,0
DA:46,0
DA:48,0
DA:52,0
DA:53,0
DA:54,0
DA:55,0
DA:56,0
DA:57,0
DA:59,0
DA:60,0
DA:61,0
DA:66,0
DA:67,0
DA:68,0
DA:69,0
DA:70,0
DA:73,0
DA:75,0
DA:81,0
DA:82,0
DA:86,0
DA:87,0
DA:88,0
DA:89,0
DA:90,0
DA:91,0
DA:93,0
DA:99,0
DA:101,0
DA:103,0
DA:107,0
DA:128,0
DA:138,0
DA:154,0
DA:160,0
LF:59
LH:0
BRDA:17,0,0,0
BRDA:17,0,1,0
BRDA:38,1,0,0
BRDA:38,1,1,0
BRDA:54,2,0,0
BRDA:54,2,1,0
BRDA:54,3,0,0
BRDA:54,3,1,0
BRDA:60,4,0,0
BRDA:60,4,1,0
BRDA:89,5,0,0
BRDA:89,5,1,0
BRDA:112,6,0,0
BRDA:112,6,1,0
BRDA:119,7,0,0
BRDA:119,7,1,0
BRDA:120,8,0,0
BRDA:120,8,1,0
BRDA:126,9,0,0
BRDA:126,9,1,0
BRDA:136,10,0,0
BRDA:136,10,1,0
BRF:22
BRH:0
end_of_record
TN:
SF:src/components/SellerProductList.js
FN:5,(anonymous_0)
FN:8,(anonymous_1)
FN:12,(anonymous_2)
FN:29,(anonymous_3)
FN:33,(anonymous_4)
FN:57,(anonymous_5)
FN:60,(anonymous_6)
FNF:7
FNH:0
FNDA:0,(anonymous_0)
FNDA:0,(anonymous_1)
FNDA:0,(anonymous_2)
FNDA:0,(anonymous_3)
FNDA:0,(anonymous_4)
FNDA:0,(anonymous_5)
FNDA:0,(anonymous_6)
DA:5,0
DA:6,0
DA:8,0
DA:9,0
DA:12,0
DA:13,0
DA:16,0
DA:30,0
DA:34,0
DA:35,0
DA:57,0
DA:60,0
LF:12
LH:0
BRDA:6,0,0,0
BRDA:6,0,1,0
BRDA:9,1,0,0
BRDA:9,1,1,0
BRDA:13,2,0,0
BRDA:13,2,1,0
BRDA:19,3,0,0
BRDA:19,3,1,0
BRDA:21,4,0,0
BRDA:21,4,1,0
BRDA:25,5,0,0
BRDA:25,5,1,0
BRDA:25,6,0,0
BRDA:25,6,1,0
BRDA:28,7,0,0
BRDA:28,7,1,0
BRDA:32,8,0,0
BRDA:32,8,1,0
BRDA:32,9,0,0
BRDA:32,9,1,0
BRDA:34,10,0,0
BRDA:34,10,1,0
BRF:22
BRH:0
end_of_record
TN:
SF:src/components/ShippingForm.js
FN:3,(anonymous_0)
FN:11,(anonymous_1)
FN:16,(anonymous_2)
FNF:3
FNH:0
FNDA:0,(anonymous_0)
FNDA:0,(anonymous_1)
FNDA:0,(anonymous_2)
DA:3,0
DA:4,0
DA:11,0
DA:12,0
DA:13,0
DA:16,0
DA:17,0
DA:18,0
DA:21,0
LF:9
LH:0
BRF:0
BRH:0
end_of_record
TN:
SF:src/components/UserTable.js
FN:3,(anonymous_0)
FN:15,(anonymous_1)
FN:21,(anonymous_2)
FNF:3
FNH:0
FNDA:0,(anonymous_0)
FNDA:0,(anonymous_1)
FNDA:0,(anonymous_2)
DA:3,0
DA:4,0
DA:16,0
DA:21,0
LF:4
LH:0
BRF:0
BRH:0
end_of_record
TN:
SF:src/components/search.js
FN:4,(anonymous_0)
FN:14,(anonymous_1)
FN:36,(anonymous_2)
FN:38,(anonymous_3)
FN:48,(anonymous_4)
FN:54,(anonymous_5)
FN:60,(anonymous_6)
FN:70,(anonymous_7)
FNF:8
FNH:0
FNDA:0,(anonymous_0)
FNDA:0,(anonymous_1)
FNDA:0,(anonymous_2)
FNDA:0,(anonymous_3)
FNDA:0,(anonymous_4)
FNDA:0,(anonymous_5)
FNDA:0,(anonymous_6)
FNDA:0,(anonymous_7)
DA:4,0
DA:5,0
DA:6,0
DA:7,0
DA:8,0
DA:9,0
DA:10,0
DA:11,0
DA:12,0
DA:14,0
DA:15,0
DA:16,0
DA:17,0
DA:18,0
DA:21,0
DA:23,0
DA:25,0
DA:28,0
DA:36,0
DA:38,0
DA:48,0
DA:54,0
DA:60,0
DA:71,0
LF:24
LH:0
BRDA:65,0,0,0
BRDA:65,0,1,0
BRDA:66,1,0,0
BRDA:66,1,1,0
BRDA:69,2,0,0
BRDA:69,2,1,0
BRDA:69,2,2,0
BRF:7
BRH:0
end_of_record
TN:
SF:src/context/AuthContext.js
FN:7,(anonymous_0)
FN:11,(anonymous_1)
FN:16,(anonymous_2)
FN:22,(anonymous_3)
FNF:4
FNH:0
FNDA:0,(anonymous_0)
FNDA:0,(anonymous_1)
FNDA:0,(anonymous_2)
FNDA:0,(anonymous_3)
DA:5,0
DA:7,0
DA:8,0
DA:9,0
DA:11,0
DA:12,0
DA:13,0
DA:16,0
DA:17,0
DA:18,0
DA:19,0
DA:22,0
DA:23,0
DA:24,0
DA:26,0
DA:30,0
LF:16
LH:0
BRDA:24,0,0,0
BRDA:24,0,1,0
BRF:2
BRH:0
end_of_record
TN:
SF:src/hooks/useSellerProducts.js
FN:4,(anonymous_0)
FN:13,(anonymous_1)
FN:34,(anonymous_2)
FN:67,(anonymous_3)
FN:73,(anonymous_4)
FN:73,(anonymous_5)
FN:88,(anonymous_6)
FNF:7
FNH:0
FNDA:0,(anonymous_0)
FNDA:0,(anonymous_1)
FNDA:0,(anonymous_2)
FNDA:0,(anonymous_3)
FNDA:0,(anonymous_4)
FNDA:0,(anonymous_5)
FNDA:0,(anonymous_6)
DA:4,0
DA:5,0
DA:6,0
DA:7,0
DA:8,0
DA:9,0
DA:13,0
DA:14,0
DA:15,0
DA:16,0
DA:17,0
DA:21,0
DA:22,0
DA:23,0
DA:24,0
DA:26,0
DA:27,0
DA:29,0
DA:34,0
DA:35,0
DA:67,0
DA:68,0
DA:69,0
DA:70,0
DA:73,0
DA:75,0
DA:79,0
DA:88,0
LF:28
LH:0
BRDA:16,0,0,0
BRDA:16,0,1,0
BRDA:69,1,0,0
BRDA:69,1,1,0
BRF:4
BRH:0
end_of_record
TN:
SF:src/pages/AdminDashboard.js
FN:7,(anonymous_0)
FN:12,(anonymous_1)
FN:13,(anonymous_2)
FN:30,(anonymous_3)
FN:36,(anonymous_4)
FN:43,(anonymous_5)
FN:47,(anonymous_6)
FNF:7
FNH:0
FNDA:0,(anonymous_0)
FNDA:0,(anonymous_1)
FNDA:0,(anonymous_2)
FNDA:0,(anonymous_3)
FNDA:0,(anonymous_4)
FNDA:0,(anonymous_5)
FNDA:0,(anonymous_6)
DA:7,0
DA:8,0
DA:9,0
DA:12,0
DA:13,0
DA:14,0
DA:15,0
DA:16,0
DA:20,0
DA:21,0
DA:23,0
DA:26,0
DA:30,0
DA:31,0
DA:32,0
DA:33,0
DA:34,0
DA:35,0
DA:36,0
DA:38,0
DA:43,0
DA:44,0
DA:45,0
DA:46,0
DA:47,0
DA:49,0
DA:53,0
LF:27
LH:0
BRDA:15,0,0,0
BRDA:15,0,1,0
BRDA:33,1,0,0
BRDA:33,1,1,0
BRDA:45,2,0,0
BRDA:45,2,1,0
BRF:6
BRH:0
end_of_record
TN:
SF:src/pages/CartPage.js
FN:6,(anonymous_0)
FN:14,(anonymous_1)
FN:47,(anonymous_2)
FN:50,(anonymous_3)
FN:54,(anonymous_4)
FN:89,(anonymous_5)
FN:97,(anonymous_6)
FN:98,(anonymous_7)
FN:100,(anonymous_8)
FN:109,(anonymous_9)
FN:132,(anonymous_10)
FN:140,(anonymous_11)
FN:182,(anonymous_12)
FN:184,(anonymous_13)
FN:190,(anonymous_14)
FNF:15
FNH:0
FNDA:0,(anonymous_0)
FNDA:0,(anonymous_1)
FNDA:0,(anonymous_2)
FNDA:0,(anonymous_3)
FNDA:0,(anonymous_4)
FNDA:0,(anonymous_5)
FNDA:0,(anonymous_6)
FNDA:0,(anonymous_7)
FNDA:0,(anonymous_8)
FNDA:0,(anonymous_9)
FNDA:0,(anonymous_10)
FNDA:0,(anonymous_11)
FNDA:0,(anonymous_12)
FNDA:0,(anonymous_13)
FNDA:0,(anonymous_14)
DA:6,0
DA:7,0
DA:8,0
DA:9,0
DA:10,0
DA:11,0
DA:14,0
DA:15,0
DA:16,0
DA:17,0
DA:18,0
DA:19,0
DA:20,0
DA:23,0
DA:27,0
DA:30,0
DA:31,0
DA:32,0
DA:34,0
DA:36,0
DA:37,0
DA:39,0
DA:42,0
DA:43,0
DA:47,0
DA:48,0
DA:50,0
DA:51,0
DA:54,0
DA:55,0
DA:56,0
DA:58,0
DA:59,0
DA:60,0
DA:64,0
DA:72,0
DA:75,0
DA:76,0
DA:78,0
DA:81,0
DA:83,0
DA:84,0
DA:89,0
DA:90,0
DA:91,0
DA:93,0
DA:97,0
DA:98,0
DA:99,0
DA:100,0
DA:103,0
DA:106,0
DA:109,0
DA:110,0
DA:111,0
DA:112,0
DA:117,0
DA:118,0
DA:119,0
DA:122,0
DA:127,0
DA:133,0
DA:141,0
DA:142,0
DA:182,0
DA:185,0
DA:190,0
DA:207,0
LF:68
LH:0
BRDA:7,0,0,0
BRDA:7,0,1,0
BRDA:18,1,0,0
BRDA:18,1,1,0
BRDA:19,2,0,0
BRDA:19,2,1,0
BRDA:30,3,0,0
BRDA:30,3,1,0
BRDA:36,4,0,0
BRDA:36,4,1,0
BRDA:42,5,0,0
BRDA:42,5,1,0
BRDA:43,6,0,0
BRDA:43,6,1,0
BRDA:56,7,0,0
BRDA:56,7,1,0
BRDA:58,8,0,0
BRDA:58,8,1,0
BRDA:75,9,0,0
BRDA:75,9,1,0
BRDA:83,10,0,0
BRDA:83,10,1,0
BRDA:91,11,0,0
BRDA:91,11,1,0
BRDA:111,12,0,0
BRDA:111,12,1,0
BRDA:130,13,0,0
BRDA:130,13,1,0
BRDA:130,14,0,0
BRDA:130,14,1,0
BRDA:139,15,0,0
BRDA:139,15,1,0
BRDA:139,16,0,0
BRDA:139,16,1,0
BRDA:141,17,0,0
BRDA:141,17,1,0
BRDA:185,18,0,0
BRDA:185,18,1,0
BRF:38
BRH:0
end_of_record
TN:
SF:src/pages/Checkout.js
FN:12,(anonymous_0)
FN:22,(anonymous_1)
FN:26,(anonymous_2)
FN:29,(anonymous_3)
FN:32,(anonymous_4)
FNF:5
FNH:0
FNDA:0,(anonymous_0)
FNDA:0,(anonymous_1)
FNDA:0,(anonymous_2)
FNDA:0,(anonymous_3)
FNDA:0,(anonymous_4)
DA:12,0
DA:13,0
DA:14,0
DA:15,0
DA:16,0
DA:17,0
DA:18,0
DA:20,0
DA:22,0
DA:23,0
DA:26,0
DA:27,0
DA:29,0
DA:30,0
DA:32,0
DA:34,0
DA:35,0
DA:36,0
DA:37,0
DA:42,0
DA:43,0
DA:44,0
DA:46,0
DA:47,0
DA:49,0
DA:53,0
DA:54,0
DA:56,0
DA:57,0
DA:61,0
DA:79,0
LF:31
LH:0
BRDA:16,0,0,0
BRDA:16,0,1,0
BRDA:36,1,0,0
BRDA:36,1,1,0
BRDA:53,2,0,0
BRDA:53,2,1,0
BRDA:53,3,0,0
BRDA:53,3,1,0
BRDA:68,4,0,0
BRDA:68,4,1,0
BRF:10
BRH:0
end_of_record
TN:
SF:src/pages/CustomerDashboard.js
FN:6,(anonymous_0)
FN:9,(anonymous_1)
FN:10,(anonymous_2)
FN:29,(anonymous_3)
FNF:4
FNH:0
FNDA:0,(anonymous_0)
FNDA:0,(anonymous_1)
FNDA:0,(anonymous_2)
FNDA:0,(anonymous_3)
DA:6,0
DA:7,0
DA:9,0
DA:10,0
DA:11,0
DA:12,0
DA:13,0
DA:15,0
DA:18,0
DA:21,0
DA:30,0
LF:11
LH:0
BRDA:25,0,0,0
BRDA:25,0,1,0
BRF:2
BRH:0
end_of_record
TN:
SF:src/pages/Home.jsx
FN:6,(anonymous_0)
FN:14,(anonymous_1)
FN:15,(anonymous_2)
FN:30,(anonymous_3)
FN:36,(anonymous_4)
FN:54,(anonymous_5)
FN:78,(anonymous_6)
FN:82,(anonymous_7)
FN:97,(anonymous_8)
FNF:9
FNH:0
FNDA:0,(anonymous_0)
FNDA:0,(anonymous_1)
FNDA:0,(anonymous_2)
FNDA:0,(anonymous_3)
FNDA:0,(anonymous_4)
FNDA:0,(anonymous_5)
FNDA:0,(anonymous_6)
FNDA:0,(anonymous_7)
FNDA:0,(anonymous_8)
DA:6,0
DA:7,0
DA:8,0
DA:9,0
DA:10,0
DA:11,0
DA:12,0
DA:14,0
DA:15,0
DA:16,0
DA:17,0
DA:18,0
DA:19,0
DA:22,0
DA:24,0
DA:27,0
DA:30,0
DA:31,0
DA:32,0
DA:33,0
DA:36,0
DA:37,0
DA:41,0
DA:43,0
DA:46,0
DA:47,0
DA:48,0
DA:50,0
DA:54,0
DA:55,0
DA:56,0
DA:57,0
DA:58,0
DA:61,0
DA:63,0
DA:78,0
DA:82,0
DA:98,0
LF:38
LH:0
BRDA:31,0,0,0
BRDA:31,0,1,0
BRDA:31,1,0,0
BRDA:31,1,1,0
BRDA:41,2,0,0
BRDA:41,2,1,0
BRDA:43,3,0,0
BRDA:43,3,1,0
BRDA:46,4,0,0
BRDA:46,4,1,0
BRDA:61,5,0,0
BRDA:61,5,1,0
BRDA:90,6,0,0
BRDA:90,6,1,0
BRF:14
BRH:0
end_of_record
TN:
SF:src/pages/Login.js
FN:9,(anonymous_0)
FN:18,(anonymous_1)
FN:28,(anonymous_2)
FN:32,(anonymous_3)
FN:91,(anonymous_4)
FN:102,(anonymous_5)
FN:112,(anonymous_6)
FNF:7
FNH:0
FNDA:0,(anonymous_0)
FNDA:0,(anonymous_1)
FNDA:0,(anonymous_2)
FNDA:0,(anonymous_3)
FNDA:0,(anonymous_4)
FNDA:0,(anonymous_5)
FNDA:0,(anonymous_6)
DA:9,0
DA:10,0
DA:11,0
DA:12,0
DA:13,0
DA:14,0
DA:15,0
DA:16,0
DA:18,0
DA:19,0
DA:20,0
DA:21,0
DA:22,0
DA:23,0
DA:24,0
DA:25,0
DA:28,0
DA:29,0
DA:32,0
DA:33,0
DA:34,0
DA:35,0
DA:37,0
DA:38,0
DA:39,0
DA:40,0
DA:42,0
DA:43,0
DA:44,0
DA:45,0
DA:48,0
DA:49,0
DA:50,0
DA:51,0
DA:52,0
DA:53,0
DA:56,0
DA:57,0
DA:58,0
DA:60,0
DA:61,0
DA:63,0
DA:64,0
DA:66,0
DA:67,0
DA:68,0
DA:69,0
DA:72,0
DA:74,0
DA:78,0
DA:91,0
DA:102,0
DA:112,0
LF:53
LH:0
BRDA:22,0,0,0
BRDA:22,0,1,0
BRDA:23,1,0,0
BRDA:23,1,1,0
BRDA:24,2,0,0
BRDA:24,2,1,0
BRDA:25,3,0,0
BRDA:25,3,1,0
BRDA:37,4,0,0
BRDA:37,4,1,0
BRDA:42,5,0,0
BRDA:42,5,1,0
BRDA:56,6,0,0
BRDA:56,6,1,0
BRDA:67,7,0,0
BRDA:67,7,1,0
BRDA:68,8,0,0
BRDA:68,8,1,0
BRDA:69,9,0,0
BRDA:69,9,1,0
BRDA:72,10,0,0
BRDA:72,10,1,0
BRDA:83,11,0,0
BRDA:83,11,1,0
BRDA:118,12,0,0
BRDA:118,12,1,0
BRF:26
BRH:0
end_of_record
TN:
SF:src/pages/OrderDetails.js
FN:5,(anonymous_0)
FN:13,(anonymous_1)
FN:14,(anonymous_2)
FN:40,(anonymous_3)
FN:77,(anonymous_4)
FNF:5
FNH:0
FNDA:0,(anonymous_0)
FNDA:0,(anonymous_1)
FNDA:0,(anonymous_2)
FNDA:0,(anonymous_3)
FNDA:0,(anonymous_4)
DA:5,0
DA:6,0
DA:7,0
DA:8,0
DA:9,0
DA:10,0
DA:11,0
DA:13,0
DA:14,0
DA:15,0
DA:16,0
DA:18,0
DA:19,0
DA:20,0
DA:23,0
DA:25,0
DA:26,0
DA:28,0
DA:31,0
DA:33,0
DA:37,0
DA:40,0
DA:41,0
DA:44,0
DA:45,0
DA:48,0
DA:49,0
DA:59,0
DA:60,0
DA:70,0
DA:78,0
DA:93,0
LF:32
LH:0
BRDA:11,0,0,0
BRDA:11,0,1,0
BRDA:19,1,0,0
BRDA:19,1,1,0
BRDA:25,2,0,0
BRDA:25,2,1,0
BRDA:25,3,0,0
BRDA:25,3,1,0
BRDA:31,4,0,0
BRDA:31,4,1,0
BRDA:44,5,0,0
BRDA:44,5,1,0
BRDA:48,6,0,0
BRDA:48,6,1,0
BRDA:59,7,0,0
BRDA:59,7,1,0
BRF:16
BRH:0
end_of_record
TN:
SF:src/pages/OrderHistory.js
FN:5,(anonymous_0)
FN:15,(anonymous_1)
FN:16,(anonymous_2)
FN:38,(anonymous_3)
FN:42,(anonymous_4)
FN:47,(anonymous_5)
FN:51,(anonymous_6)
FN:77,(anonymous_7)
FN:84,(anonymous_8)
FNF:9
FNH:0
FNDA:0,(anonymous_0)
FNDA:0,(anonymous_1)
FNDA:0,(anonymous_2)
FNDA:0,(anonymous_3)
FNDA:0,(anonymous_4)
FNDA:0,(anonymous_5)
FNDA:0,(anonymous_6)
FNDA:0,(anonymous_7)
FNDA:0,(anonymous_8)
DA:5,0
DA:6,0
DA:8,0
DA:9,0
DA:10,0
DA:11,0
DA:12,0
DA:13,0
DA:15,0
DA:16,0
DA:17,0
DA:18,0
DA:20,0
DA:21,0
DA:22,0
DA:26,0
DA:27,0
DA:29,0
DA:31,0
DA:35,0
DA:38,0
DA:39,0
DA:42,0
DA:43,0
DA:44,0
DA:47,0
DA:48,0
DA:51,0
DA:52,0
DA:55,0
DA:78,0
DA:84,0
DA:124,0
LF:33
LH:0
BRDA:6,0,0,0
BRDA:6,0,1,0
BRDA:21,1,0,0
BRDA:21,1,1,0
BRDA:27,2,0,0
BRDA:27,2,1,0
BRDA:29,3,0,0
BRDA:29,3,1,0
BRDA:48,4,0,0
BRDA:48,4,1,0
BRDA:52,5,0,0
BRDA:52,5,1,0
BRDA:59,6,0,0
BRDA:59,6,1,0
BRDA:61,7,0,0
BRDA:61,7,1,0
BRDA:70,8,0,0
BRDA:70,8,1,0
BRDA:70,8,2,0
BRDA:70,8,3,0
BRDA:74,9,0,0
BRDA:74,9,1,0
BRDA:74,9,2,0
BRDA:74,9,3,0
BRF:24
BRH:0
end_of_record
TN:
SF:src/pages/ProductDetails.js
FN:5,(anonymous_0)
FN:11,(anonymous_1)
FN:12,(anonymous_2)
FNF:3
FNH:0
FNDA:0,(anonymous_0)
FNDA:0,(anonymous_1)
FNDA:0,(anonymous_2)
DA:5,0
DA:6,0
DA:7,0
DA:8,0
DA:9,0
DA:11,0
DA:12,0
DA:13,0
DA:14,0
DA:15,0
DA:16,0
DA:18,0
DA:19,0
DA:23,0
DA:26,0
DA:27,0
DA:29,0
LF:17
LH:0
BRDA:26,0,0,0
BRDA:26,0,1,0
BRDA:27,1,0,0
BRDA:27,1,1,0
BRF:4
BRH:0
end_of_record
TN:
SF:src/pages/Register.js
FN:7,(anonymous_0)
FN:18,(anonymous_1)
FN:26,(anonymous_2)
FNF:3
FNH:0
FNDA:0,(anonymous_0)
FNDA:0,(anonymous_1)
FNDA:0,(anonymous_2)
DA:7,0
DA:8,0
DA:14,0
DA:15,0
DA:16,0
DA:18,0
DA:19,0
DA:20,0
DA:26,0
DA:27,0
DA:30,0
DA:33,0
DA:34,0
DA:35,0
DA:36,0
DA:37,0
DA:38,0
DA:40,0
DA:41,0
DA:42,0
DA:43,0
DA:45,0
DA:46,0
DA:49,0
DA:50,0
DA:51,0
DA:55,0
DA:62,0
DA:63,0
DA:64,0
DA:65,0
DA:67,0
DA:68,0
DA:72,0
LF:34
LH:0
BRDA:34,0,0,0
BRDA:34,0,1,0
BRDA:35,1,0,0
BRDA:35,1,1,0
BRDA:37,2,0,0
BRDA:37,2,1,0
BRDA:40,3,0,0
BRDA:40,3,1,0
BRDA:42,4,0,0
BRDA:42,4,1,0
BRDA:45,5,0,0
BRDA:45,5,1,0
BRDA:49,6,0,0
BRDA:49,6,1,0
BRDA:67,7,0,0
BRDA:67,7,1,0
BRDA:68,8,0,0
BRDA:68,8,1,0
BRDA:81,9,0,0
BRDA:81,9,1,0
BRF:20
BRH:0
end_of_record
TN:
SF:src/pages/ResetPassword.js
FN:4,(anonymous_0)
FN:10,(anonymous_1)
FN:29,(anonymous_2)
FN:38,(anonymous_3)
FN:47,(anonymous_4)
FNF:5
FNH:0
FNDA:0,(anonymous_0)
FNDA:0,(anonymous_1)
FNDA:0,(anonymous_2)
FNDA:0,(anonymous_3)
FNDA:0,(anonymous_4)
DA:4,0
DA:5,0
DA:6,0
DA:7,0
DA:8,0
DA:10,0
DA:11,0
DA:12,0
DA:13,0
DA:14,0
DA:17,0
DA:20,0
DA:29,0
DA:38,0
DA:47,0
LF:15
LH:0
BRDA:12,0,0,0
BRDA:12,0,1,0
BRDA:53,1,0,0
BRDA:53,1,1,0
BRF:4
BRH:0
end_of_record
TN:
SF:src/pages/SellerDashboard.js
FN:8,(anonymous_0)
FN:14,(anonymous_1)
FN:23,(anonymous_2)
FN:40,(anonymous_3)
FN:50,(anonymous_4)
FN:69,(anonymous_5)
FN:88,(anonymous_6)
FN:97,(anonymous_7)
FNF:8
FNH:0
FNDA:0,(anonymous_0)
FNDA:0,(anonymous_1)
FNDA:0,(anonymous_2)
FNDA:0,(anonymous_3)
FNDA:0,(anonymous_4)
FNDA:0,(anonymous_5)
FNDA:0,(anonymous_6)
FNDA:0,(anonymous_7)
DA:8,0
DA:9,0
DA:10,0
DA:11,0
DA:14,0
DA:15,0
DA:16,0
DA:17,0
DA:18,0
DA:19,0
DA:20,0
DA:22,0
DA:23,0
DA:26,0
DA:27,0
DA:29,0
DA:30,0
DA:33,0
DA:35,0
DA:40,0
DA:41,0
DA:42,0
DA:43,0
DA:44,0
DA:45,0
DA:46,0
DA:47,0
DA:48,0
DA:49,0
DA:50,0
DA:53,0
DA:54,0
DA:56,0
DA:57,0
DA:60,0
DA:61,0
DA:62,0
DA:64,0
DA:69,0
DA:70,0
DA:71,0
DA:72,0
DA:75,0
DA:77,0
DA:81,0
DA:89,0
DA:90,0
DA:98,0
DA:99,0
LF:49
LH:0
BRDA:22,0,0,0
BRDA:22,0,1,0
BRDA:22,1,0,0
BRDA:22,1,1,0
BRDA:26,2,0,0
BRDA:26,2,1,0
BRDA:49,3,0,0
BRDA:49,3,1,0
BRDA:49,4,0,0
BRDA:49,4,1,0
BRDA:53,5,0,0
BRDA:53,5,1,0
BRDA:71,6,0,0
BRDA:71,6,1,0
BRDA:85,7,0,0
BRDA:85,7,1,0
BRF:16
BRH:0
end_of_record
TN:
SF:src/redux/authSlice.js
FN:13,(anonymous_0)
FN:19,(anonymous_1)
FN:25,(anonymous_2)
FNF:3
FNH:0
FNDA:0,(anonymous_0)
FNDA:0,(anonymous_1)
FNDA:0,(anonymous_2)
DA:3,0
DA:9,0
DA:14,0
DA:15,0
DA:16,0
DA:17,0
DA:20,0
DA:21,0
DA:22,0
DA:23,0
DA:26,0
DA:27,0
DA:28,0
DA:33,0
LF:14
LH:0
BRDA:21,0,0,0
BRDA:21,0,1,0
BRDA:22,1,0,0
BRDA:22,1,1,0
BRF:4
BRH:0
end_of_record
TN:
SF:src/redux/cartSlice.js
FN:5,(anonymous_0)
FN:15,(anonymous_1)
FN:32,(anonymous_2)
FN:42,(anonymous_3)
FN:60,(anonymous_4)
FN:63,(anonymous_5)
FN:67,(anonymous_6)
FN:74,(anonymous_7)
FN:79,(anonymous_8)
FN:90,(anonymous_9)
FN:98,(anonymous_10)
FN:101,(anonymous_11)
FN:105,(anonymous_12)
FN:106,(anonymous_13)
FN:107,(anonymous_14)
FN:110,(anonymous_15)
FN:113,(anonymous_16)
FN:116,(anonymous_17)
FN:122,(anonymous_18)
FNF:19
FNH:0
FNDA:0,(anonymous_0)
FNDA:0,(anonymous_1)
FNDA:0,(anonymous_2)
FNDA:0,(anonymous_3)
FNDA:0,(anonymous_4)
FNDA:0,(anonymous_5)
FNDA:0,(anonymous_6)
FNDA:0,(anonymous_7)
FNDA:0,(anonymous_8)
FNDA:0,(anonymous_9)
FNDA:0,(anonymous_10)
FNDA:0,(anonymous_11)
FNDA:0,(anonymous_12)
FNDA:0,(anonymous_13)
FNDA:0,(anonymous_14)
FNDA:0,(anonymous_15)
FNDA:0,(anonymous_16)
FNDA:0,(anonymous_17)
FNDA:0,(anonymous_18)
DA:5,0
DA:6,0
DA:7,0
DA:8,0
DA:10,0
DA:15,0
DA:16,0
DA:18,0
DA:23,0
DA:25,0
DA:27,0
DA:32,0
DA:33,0
DA:34,0
DA:35,0
DA:37,0
DA:42,0
DA:43,0
DA:44,0
DA:45,0
DA:47,0
DA:51,0
DA:61,0
DA:64,0
DA:65,0
DA:68,0
DA:69,0
DA:70,0
DA:71,0
DA:72,0
DA:75,0
DA:76,0
DA:80,0
DA:81,0
DA:82,0
DA:83,0
DA:84,0
DA:85,0
DA:88,0
DA:89,0
DA:90,0
DA:92,0
DA:93,0
DA:95,0
DA:98,0
DA:99,0
DA:102,0
DA:106,0
DA:107,0
DA:108,0
DA:111,0
DA:114,0
DA:115,0
DA:116,0
DA:118,0
DA:119,0
DA:121,0
DA:122,0
LF:58
LH:0
BRDA:80,0,0,0
BRDA:80,0,1,0
BRDA:82,1,0,0
BRDA:82,1,1,0
BRDA:92,2,0,0
BRDA:92,2,1,0
BRDA:118,3,0,0
BRDA:118,3,1,0
BRF:8
BRH:0
end_of_record
TN:
SF:src/redux/orderSlice_check.js
FN:8,(anonymous_0)
FN:16,(anonymous_1)
FN:16,(anonymous_2)
FNF:3
FNH:0
FNDA:0,(anonymous_0)
FNDA:0,(anonymous_1)
FNDA:0,(anonymous_2)
DA:4,0
DA:9,0
DA:14,0
DA:16,0
DA:17,0
DA:18,0
DA:19,0
DA:21,0
LF:8
LH:0
BRF:0
BRH:0
end_of_record
TN:
SF:src/redux/productSlice.js
FN:4,(anonymous_0)
FN:17,(anonymous_1)
FN:19,(anonymous_2)
FN:22,(anonymous_3)
FN:26,(anonymous_4)
FNF:5
FNH:0
FNDA:0,(anonymous_0)
FNDA:0,(anonymous_1)
FNDA:0,(anonymous_2)
FNDA:0,(anonymous_3)
FNDA:0,(anonymous_4)
DA:4,0
DA:5,0
DA:6,0
DA:9,0
DA:18,0
DA:20,0
DA:23,0
DA:24,0
DA:27,0
DA:28,0
LF:10
LH:0
BRF:0
BRH:0
end_of_record
TN:
SF:src/redux/store.js
FNF:0
FNH:0
DA:7,0
LF:1
LH:0
BRF:0
BRH:0
end_of_record
TN:
SF:src/services/api.js
FN:7,(anonymous_0)
FNF:1
FNH:0
FNDA:0,(anonymous_0)
DA:3,0
DA:7,0
DA:8,0
DA:9,0
DA:10,0
DA:12,0
DA:13,0
LF:7
LH:0
BRDA:4,0,0,0
BRDA:4,0,1,0
BRDA:9,1,0,0
BRDA:9,1,1,0
BRF:4
BRH:0
end_of_record
TN:
SF:src/utils/api.js
FN:7,(anonymous_0)
FNF:1
FNH:0
FNDA:0,(anonymous_0)
DA:3,0
DA:7,0
DA:8,0
DA:9,0
DA:11,0
LF:5
LH:0
BRDA:4,0,0,0
BRDA:4,0,1,0
BRDA:8,1,0,0
BRDA:8,1,1,0
BRF:4
BRH:0
end_of_record
TN:
SF:src/utils/apiConfig.js
FN:7,(anonymous_0)
FNF:1
FNH:0
FNDA:0,(anonymous_0)
DA:1,0
DA:3,0
DA:7,0
LF:3
LH:0
BRDA:1,0,0,0
BRDA:1,0,1,0
BRF:2
BRH:0
end_of_record
